This is pdfTeX, Version 3.14159265-2.6-1.40.21 (MiKTeX 20.11) (preloaded format=pdflatex 2020.11.12)  12 NOV 2020 12:54
entering extended mode
**./paper.tex
(paper.tex
LaTeX2e <2020-10-01> patch level 2
L3 programming layer <2020-10-27> xparse <2020-03-03> (acmart.cls
Document Class: acmart 2020/09/13 v1.73 Typesetting articles for the Associatio
n for Computing Machinery
(C:\Users\42073\AppData\Local\Programs\MiKTeX\tex/latex/xkeyval\xkeyval.sty
Package: xkeyval 2014/12/03 v2.7a package option processing (HA)

(C:\Users\42073\AppData\Local\Programs\MiKTeX\tex/generic/xkeyval\xkeyval.tex
(C:\Users\42073\AppData\Local\Programs\MiKTeX\tex/generic/xkeyval\xkvutils.tex
\XKV@toks=\toks15
\XKV@tempa@toks=\toks16

(C:\Users\42073\AppData\Local\Programs\MiKTeX\tex/generic/xkeyval\keyval.tex))
\XKV@depth=\count175
File: xkeyval.tex 2014/12/03 v2.7a key=value parser (HA)
)) (C:\Users\42073\AppData\Local\Programs\MiKTeX\tex/latex/xstring\xstring.sty
(C:\Users\42073\AppData\Local\Programs\MiKTeX\tex/generic/xstring\xstring.tex
\integerpart=\count176
\decimalpart=\count177
)
Package: xstring 2019/02/06 v1.83 String manipulations (CT)
) (C:\Users\42073\AppData\Local\Programs\MiKTeX\tex/generic/iftex\iftex.sty
Package: iftex 2020/03/06 v1.0d TeX engine tests
)
Package acmart Info: Not using screen mode on input line 73.
Package acmart Info: Using breaking urls on hyphens on input line 81.
Package acmart Info: Requiring acmthm on input line 89.
Package acmart Info: Not using review mode on input line 98.
Package acmart Info: Not using authorversion mode on input line 106.
Package acmart Info: Not using nonacm mode on input line 118.
Package acmart Info: Explicitly selecting natbib mode on input line 130.
Package acmart Info: Not using anonymous mode on input line 138.
Package acmart Info: Not using timestamp mode on input line 146.
Package acmart Info: Not using authordraft mode on input line 156.
Package acmart Info: Using screen mode on input line 165.
Class acmart Info: Using format acmsmall, number 1 on input line 165.
Class acmart Info: Using fontsize 10pt on input line 249.

(C:\Users\42073\AppData\Local\Programs\MiKTeX\tex/latex/amscls\amsart.cls
Document Class: amsart 2020/05/29 v2.20.6
\linespacing=\dimen138
\normalparindent=\dimen139
\normaltopskip=\skip47
(C:\Users\42073\AppData\Local\Programs\MiKTeX\tex/latex/amsmath\amsmath.sty
Package: amsmath 2020/09/23 v2.17i AMS math features
\@mathmargin=\skip48

For additional information on amsmath, use the `?' option.
(C:\Users\42073\AppData\Local\Programs\MiKTeX\tex/latex/amsmath\amstext.sty
Package: amstext 2000/06/29 v2.01 AMS text

(C:\Users\42073\AppData\Local\Programs\MiKTeX\tex/latex/amsmath\amsgen.sty
File: amsgen.sty 1999/11/30 v2.0 generic functions
\@emptytoks=\toks17
\ex@=\dimen140
))
(C:\Users\42073\AppData\Local\Programs\MiKTeX\tex/latex/amsmath\amsbsy.sty
Package: amsbsy 1999/11/29 v1.2d Bold Symbols
\pmbraise@=\dimen141
)
(C:\Users\42073\AppData\Local\Programs\MiKTeX\tex/latex/amsmath\amsopn.sty
Package: amsopn 2016/03/08 v2.02 operator names
)
\inf@bad=\count178
LaTeX Info: Redefining \frac on input line 234.
\uproot@=\count179
\leftroot@=\count180
LaTeX Info: Redefining \overline on input line 399.
\classnum@=\count181
\DOTSCASE@=\count182
LaTeX Info: Redefining \ldots on input line 496.
LaTeX Info: Redefining \dots on input line 499.
LaTeX Info: Redefining \cdots on input line 620.
\Mathstrutbox@=\box47
\strutbox@=\box48
\big@size=\dimen142
LaTeX Font Info:    Redeclaring font encoding OML on input line 743.
LaTeX Font Info:    Redeclaring font encoding OMS on input line 744.
\macc@depth=\count183
\c@MaxMatrixCols=\count184
\dotsspace@=\muskip16
\c@parentequation=\count185
\dspbrk@lvl=\count186
\tag@help=\toks18
\row@=\count187
\column@=\count188
\maxfields@=\count189
\andhelp@=\toks19
\eqnshift@=\dimen143
\alignsep@=\dimen144
\tagshift@=\dimen145
\tagwidth@=\dimen146
\totwidth@=\dimen147
\lineht@=\dimen148
\@envbody=\toks20
\multlinegap=\skip49
\multlinetaggap=\skip50
\mathdisplay@stack=\toks21
LaTeX Info: Redefining \[ on input line 2923.
LaTeX Info: Redefining \] on input line 2924.
)
LaTeX Font Info:    Trying to load font information for U+msa on input line 397
.

(C:\Users\42073\AppData\Local\Programs\MiKTeX\tex/latex/amsfonts\umsa.fd
File: umsa.fd 2013/01/14 v3.01 AMS symbols A
)
(C:\Users\42073\AppData\Local\Programs\MiKTeX\tex/latex/amsfonts\amsfonts.sty
Package: amsfonts 2013/01/14 v3.01 Basic AMSFonts support
\symAMSa=\mathgroup4
\symAMSb=\mathgroup5
LaTeX Font Info:    Redeclaring math symbol \hbar on input line 98.
LaTeX Font Info:    Overwriting math alphabet `\mathfrak' in version `bold'
(Font)                  U/euf/m/n --> U/euf/b/n on input line 106.
)
\copyins=\insert199
\abstractbox=\box49
\listisep=\skip51
\c@part=\count190
\c@section=\count191
\c@subsection=\count192
\c@subsubsection=\count193
\c@paragraph=\count194
\c@subparagraph=\count195
\c@figure=\count196
\c@table=\count197
\abovecaptionskip=\skip52
\belowcaptionskip=\skip53
\captionindent=\dimen149
\thm@style=\toks22
\thm@bodyfont=\toks23
\thm@headfont=\toks24
\thm@notefont=\toks25
\thm@headpunct=\toks26
\thm@preskip=\skip54
\thm@postskip=\skip55
\thm@headsep=\skip56
\dth@everypar=\toks27
)
(C:\Users\42073\AppData\Local\Programs\MiKTeX\tex/latex/microtype\microtype.sty
Package: microtype 2019/11/18 v2.7d Micro-typographical refinements (RS)
\MT@toks=\toks28
\MT@count=\count198
LaTeX Info: Redefining \textls on input line 790.
\MT@outer@kern=\dimen150
LaTeX Info: Redefining \textmicrotypecontext on input line 1354.
\MT@listname@count=\count266

(C:\Users\42073\AppData\Local\Programs\MiKTeX\tex/latex/microtype\microtype-pdf
tex.def
File: microtype-pdftex.def 2019/11/18 v2.7d Definitions specific to pdftex (RS)

LaTeX Info: Redefining \lsstyle on input line 914.
LaTeX Info: Redefining \lslig on input line 914.
\MT@outer@space=\skip57
)
Package microtype Info: Loading configuration file microtype.cfg.

(C:\Users\42073\AppData\Local\Programs\MiKTeX\tex/latex/microtype\microtype.cfg
File: microtype.cfg 2019/11/18 v2.7d microtype main configuration file (RS)
))
(C:\Users\42073\AppData\Local\Programs\MiKTeX\tex/latex/etoolbox\etoolbox.sty
Package: etoolbox 2020/10/05 v2.5k e-TeX tools for LaTeX (JAW)
\etb@tempcnta=\count267
)
(C:\Users\42073\AppData\Local\Programs\MiKTeX\tex/latex/booktabs\booktabs.sty
Package: booktabs 2020/01/12 v1.61803398 Publication quality tables
\heavyrulewidth=\dimen151
\lightrulewidth=\dimen152
\cmidrulewidth=\dimen153
\belowrulesep=\dimen154
\belowbottomsep=\dimen155
\aboverulesep=\dimen156
\abovetopsep=\dimen157
\cmidrulesep=\dimen158
\cmidrulekern=\dimen159
\defaultaddspace=\dimen160
\@cmidla=\count268
\@cmidlb=\count269
\@aboverulesep=\dimen161
\@belowrulesep=\dimen162
\@thisruleclass=\count270
\@lastruleclass=\count271
\@thisrulewidth=\dimen163
)
(C:\Users\42073\AppData\Local\Programs\MiKTeX\tex/latex/refcount\refcount.sty
Package: refcount 2019/12/15 v3.6 Data extraction from label references (HO)

(C:\Users\42073\AppData\Local\Programs\MiKTeX\tex/generic/ltxcmds\ltxcmds.sty
Package: ltxcmds 2020-05-10 v1.25 LaTeX kernel commands for general use (HO)
)
(C:\Users\42073\AppData\Local\Programs\MiKTeX\tex/generic/infwarerr\infwarerr.s
ty
Package: infwarerr 2019/12/03 v1.5 Providing info/warning/error messages (HO)
))
(C:\Users\42073\AppData\Local\Programs\MiKTeX\tex/latex/totpages\totpages.sty
Package: totpages 2005/09/19 v2.00 Totpages Package (muewi)

(C:\Users\42073\AppData\Local\Programs\MiKTeX\tex/latex/base\everyshi-ltx.sty
Package: everyshi-ltx 2020/08/17 v1.0a Emulation of the original everyshi packa
ge
with kernel methods
)) (C:\Users\42073\AppData\Local\Programs\MiKTeX\tex/latex/environ\environ.sty
Package: environ 2014/05/04 v0.3 A new way to define environments

(C:\Users\42073\AppData\Local\Programs\MiKTeX\tex/latex/trimspaces\trimspaces.s
ty
Package: trimspaces 2009/09/17 v1.1 Trim spaces around a token list
))
(C:\Users\42073\AppData\Local\Programs\MiKTeX\tex/latex/textcase\textcase.sty
Package: textcase 2019/09/14 v1.00 Text only upper/lower case changing (DPC)
)
(C:\Users\42073\AppData\Local\Programs\MiKTeX\tex/latex/natbib\natbib.sty
Package: natbib 2010/09/13 8.31b (PWD, AO)
\bibhang=\skip58
\bibsep=\skip59
LaTeX Info: Redefining \cite on input line 694.
\c@NAT@ctr=\count272
)
(C:\Users\42073\AppData\Local\Programs\MiKTeX\tex/latex/hyperref\hyperref.sty
Package: hyperref 2020-05-15 v7.00e Hypertext links for LaTeX

(C:\Users\42073\AppData\Local\Programs\MiKTeX\tex/generic/pdftexcmds\pdftexcmds
.sty
Package: pdftexcmds 2020-06-27 v0.33 Utility functions of pdfTeX for LuaTeX (HO
)
Package pdftexcmds Info: \pdf@primitive is available.
Package pdftexcmds Info: \pdf@ifprimitive is available.
Package pdftexcmds Info: \pdfdraftmode found.
)
(C:\Users\42073\AppData\Local\Programs\MiKTeX\tex/generic/kvsetkeys\kvsetkeys.s
ty
Package: kvsetkeys 2019/12/15 v1.18 Key value parser (HO)
)
(C:\Users\42073\AppData\Local\Programs\MiKTeX\tex/generic/kvdefinekeys\kvdefine
keys.sty
Package: kvdefinekeys 2019-12-19 v1.6 Define keys (HO)
)
(C:\Users\42073\AppData\Local\Programs\MiKTeX\tex/generic/pdfescape\pdfescape.s
ty
Package: pdfescape 2019/12/09 v1.15 Implements pdfTeX's escape features (HO)
) (C:\Users\42073\AppData\Local\Programs\MiKTeX\tex/latex/hycolor\hycolor.sty
Package: hycolor 2020-01-27 v1.10 Color options for hyperref/bookmark (HO)
)
(C:\Users\42073\AppData\Local\Programs\MiKTeX\tex/latex/letltxmacro\letltxmacro
.sty
Package: letltxmacro 2019/12/03 v1.6 Let assignment for LaTeX macros (HO)
)
(C:\Users\42073\AppData\Local\Programs\MiKTeX\tex/latex/auxhook\auxhook.sty
Package: auxhook 2019-12-17 v1.6 Hooks for auxiliary files (HO)
)
(C:\Users\42073\AppData\Local\Programs\MiKTeX\tex/latex/kvoptions\kvoptions.sty
Package: kvoptions 2020-10-07 v3.14 Key value format for package options (HO)
)
\@linkdim=\dimen164
\Hy@linkcounter=\count273
\Hy@pagecounter=\count274
 (C:\Users\42073\AppData\Local\Programs\MiKTeX\tex/latex/hyperref\pd1enc.def
File: pd1enc.def 2020-05-15 v7.00e Hyperref: PDFDocEncoding definition (HO)
Now handling font encoding PD1 ...
... no UTF-8 mapping file for font encoding PD1
)
(C:\Users\42073\AppData\Local\Programs\MiKTeX\tex/generic/intcalc\intcalc.sty
Package: intcalc 2019/12/15 v1.3 Expandable calculations with integers (HO)
)
(C:\Users\42073\AppData\Local\Programs\MiKTeX\tex/generic/etexcmds\etexcmds.sty
Package: etexcmds 2019/12/15 v1.7 Avoid name clashes with e-TeX commands (HO)
)
\Hy@SavedSpaceFactor=\count275
Package hyperref Info: Option `bookmarksnumbered' set `true' on input line 4338
.
Package hyperref Info: Option `unicode' set `true' on input line 4338.
 (C:\Users\42073\AppData\Local\Programs\MiKTeX\tex/latex/hyperref\puenc.def
File: puenc.def 2020-05-15 v7.00e Hyperref: PDF Unicode definition (HO)
Now handling font encoding PU ...
... no UTF-8 mapping file for font encoding PU
)
Package hyperref Info: Hyper figures OFF on input line 4464.
Package hyperref Info: Link nesting OFF on input line 4469.
Package hyperref Info: Hyper index ON on input line 4472.
Package hyperref Info: Plain pages OFF on input line 4479.
Package hyperref Info: Backreferencing OFF on input line 4484.
Package hyperref Info: Implicit mode ON; LaTeX internals redefined.
Package hyperref Info: Bookmarks ON on input line 4717.
\c@Hy@tempcnt=\count276

(C:\Users\42073\AppData\Local\Programs\MiKTeX\tex/latex/url\url.sty
\Urlmuskip=\muskip17
Package: url 2013/09/16  ver 3.4  Verb mode for urls, etc.
)
LaTeX Info: Redefining \url on input line 5076.
\XeTeXLinkMargin=\dimen165

(C:\Users\42073\AppData\Local\Programs\MiKTeX\tex/generic/bitset\bitset.sty
Package: bitset 2019/12/09 v1.3 Handle bit-vector datatype (HO)

(C:\Users\42073\AppData\Local\Programs\MiKTeX\tex/generic/bigintcalc\bigintcalc
.sty
Package: bigintcalc 2019/12/15 v1.5 Expandable calculations on big integers (HO
)
))
\Fld@menulength=\count277
\Field@Width=\dimen166
\Fld@charsize=\dimen167
Package hyperref Info: Hyper figures OFF on input line 6347.
Package hyperref Info: Link nesting OFF on input line 6352.
Package hyperref Info: Hyper index ON on input line 6355.
Package hyperref Info: backreferencing OFF on input line 6362.
Package hyperref Info: Link coloring OFF on input line 6367.
Package hyperref Info: Link coloring with OCG OFF on input line 6372.
Package hyperref Info: PDF/A mode OFF on input line 6377.
LaTeX Info: Redefining \ref on input line 6417.
LaTeX Info: Redefining \pageref on input line 6421.

(C:\Users\42073\AppData\Local\Programs\MiKTeX\tex/latex/base\atbegshi-ltx.sty
Package: atbegshi-ltx 2020/08/17 v1.0a Emulation of the original atbegshi packa
ge
with kernel methods
)
\Hy@abspage=\count278
\c@Item=\count279
\c@Hfootnote=\count280
)
Package hyperref Info: Driver (autodetected): hpdftex.
(C:\Users\42073\AppData\Local\Programs\MiKTeX\tex/latex/hyperref\hpdftex.def
File: hpdftex.def 2020-05-15 v7.00e Hyperref driver for pdfTeX

(C:\Users\42073\AppData\Local\Programs\MiKTeX\tex/latex/base\atveryend-ltx.sty
Package: atveryend-ltx 2020/08/19 v1.0a Emulation of the original atvery packag
e
with kernel methods
)
\Fld@listcount=\count281
\c@bookmark@seq@number=\count282

(C:\Users\42073\AppData\Local\Programs\MiKTeX\tex/latex/rerunfilecheck\rerunfil
echeck.sty
Package: rerunfilecheck 2019/12/05 v1.9 Rerun checks for auxiliary files (HO)

(C:\Users\42073\AppData\Local\Programs\MiKTeX\tex/generic/uniquecounter\uniquec
ounter.sty
Package: uniquecounter 2019/12/15 v1.4 Provide unlimited unique counter (HO)
)
Package uniquecounter Info: New unique counter `rerunfilecheck' on input line 2
86.
)
\Hy@SectionHShift=\skip60
)
(C:\Users\42073\AppData\Local\Programs\MiKTeX\tex/latex/hyperxmp\hyperxmp.sty
Package: hyperxmp 2020/11/01 v5.7 Store hyperref metadata in XMP format
\hyxmp@aep@toks=\toks29

(C:\Users\42073\AppData\Local\Programs\MiKTeX\tex/generic/stringenc\stringenc.s
ty
Package: stringenc 2019/11/29 v1.12 Convert strings between diff. encodings (HO
)
) (C:\Users\42073\AppData\Local\Programs\MiKTeX\tex/latex/ifmtarg\ifmtarg.sty
Package: ifmtarg 2018/04/16 v1.2b check for an empty argument
) (C:\Users\42073\AppData\Local\Programs\MiKTeX\tex/latex/base\ifthen.sty
Package: ifthen 2014/09/29 v1.1c Standard LaTeX ifthen package (DPC)
)
(C:\Users\42073\AppData\Local\Programs\MiKTeX\tex/latex/oberdiek\ifdraft.sty
Package: ifdraft 2016/05/16 v1.4 Detect class options draft and final (HO)
)
(C:\Users\42073\AppData\Local\Programs\MiKTeX\tex/generic/iftex\ifluatex.sty
Package: ifluatex 2019/10/25 v1.5 ifluatex legacy package. Use iftex instead.
))
(C:\Users\42073\AppData\Local\Programs\MiKTeX\tex/latex/graphics\graphicx.sty
Package: graphicx 2020/09/09 v1.2b Enhanced LaTeX Graphics (DPC,SPQR)

(C:\Users\42073\AppData\Local\Programs\MiKTeX\tex/latex/graphics\graphics.sty
Package: graphics 2020/08/30 v1.4c Standard LaTeX Graphics (DPC,SPQR)

(C:\Users\42073\AppData\Local\Programs\MiKTeX\tex/latex/graphics\trig.sty
Package: trig 2016/01/03 v1.10 sin cos tan (DPC)
)
(C:\Users\42073\AppData\Local\Programs\MiKTeX\tex/latex/graphics-cfg\graphics.c
fg
File: graphics.cfg 2016/06/04 v1.11 sample graphics configuration
)
Package graphics Info: Driver file: pdftex.def on input line 105.

(C:\Users\42073\AppData\Local\Programs\MiKTeX\tex/latex/graphics-def\pdftex.def
File: pdftex.def 2020/10/05 v1.2a Graphics/color driver for pdftex
))
\Gin@req@height=\dimen168
\Gin@req@width=\dimen169
) (C:\Users\42073\AppData\Local\Programs\MiKTeX\tex/latex/xcolor\xcolor.sty
Package: xcolor 2016/05/11 v2.12 LaTeX color extensions (UK)

(C:\Users\42073\AppData\Local\Programs\MiKTeX\tex/latex/graphics-cfg\color.cfg
File: color.cfg 2016/01/02 v1.6 sample color configuration
)
Package xcolor Info: Driver file: pdftex.def on input line 225.
Package xcolor Info: Model `cmy' substituted by `cmy0' on input line 1348.
Package xcolor Info: Model `hsb' substituted by `rgb' on input line 1352.
Package xcolor Info: Model `RGB' extended on input line 1364.
Package xcolor Info: Model `HTML' substituted by `rgb' on input line 1366.
Package xcolor Info: Model `Hsb' substituted by `hsb' on input line 1367.
Package xcolor Info: Model `tHsb' substituted by `hsb' on input line 1368.
Package xcolor Info: Model `HSB' substituted by `hsb' on input line 1369.
Package xcolor Info: Model `Gray' substituted by `gray' on input line 1370.
Package xcolor Info: Model `wave' substituted by `hsb' on input line 1371.
) (C:\Users\42073\AppData\Local\Programs\MiKTeX\tex/latex/geometry\geometry.sty
Package: geometry 2020/01/02 v5.9 Page Geometry
(C:\Users\42073\AppData\Local\Programs\MiKTeX\tex/generic/iftex\ifvtex.sty
Package: ifvtex 2019/10/25 v1.7 ifvtex legacy package. Use iftex instead.
)
\Gm@cnth=\count283
\Gm@cntv=\count284
\c@Gm@tempcnt=\count285
\Gm@bindingoffset=\dimen170
\Gm@wd@mp=\dimen171
\Gm@odd@mp=\dimen172
\Gm@even@mp=\dimen173
\Gm@layoutwidth=\dimen174
\Gm@layoutheight=\dimen175
\Gm@layouthoffset=\dimen176
\Gm@layoutvoffset=\dimen177
\Gm@dimlist=\toks30

(C:\Users\42073\AppData\Local\Programs\MiKTeX\tex/latex/geometry\geometry.cfg))
(C:\Users\42073\AppData\Local\Programs\MiKTeX\tex/latex/ncctools\manyfoot.sty
Package: manyfoot 2019/08/03 v1.11 Many Footnote Levels Package (NCC)

(C:\Users\42073\AppData\Local\Programs\MiKTeX\tex/latex/ncctools\nccfoots.sty
Package: nccfoots 2005/02/03 v1.2 NCC Footnotes Package (NCC)
)
\MFL@columnwidth=\dimen178
)
\footinsauthorsaddresses=\insert252
\c@footnoteauthorsaddresses=\count286
\footinscopyrightpermission=\insert251
\c@footnotecopyrightpermission=\count287

(C:\Users\42073\AppData\Local\Programs\MiKTeX\tex/generic/pdftex\glyphtounicode
.tex) (C:\Users\42073\AppData\Local\Programs\MiKTeX\tex/latex/cmap\cmap.sty
Package: cmap 2008/03/06 v1.0h CMap support: searchable PDF
)
(C:\Users\42073\AppData\Local\Programs\MiKTeX\tex/latex/base\fontenc.sty
Package: fontenc 2020/08/10 v2.0s Standard LaTeX package
<<t1.cmap>>)
(C:\Users\42073\AppData\Local\Programs\MiKTeX\tex/latex/newtx\newtxmath.sty
Package: newtxmath 2020/09/19 v1.630

`newtxmath' v1.630, 2020/09/19 Math macros based originally on txfonts (msharpe
) (C:\Users\42073\AppData\Local\Programs\MiKTeX\tex/generic/iftex\ifxetex.sty
Package: ifxetex 2019/10/25 v0.7 ifxetex legacy package. Use iftex instead.
)
(C:\Users\42073\AppData\Local\Programs\MiKTeX\tex/latex/oberdiek\centernot.sty
Package: centernot 2016/05/16 v1.4 Centers the not symbol horizontally (HO)
)
\tx@cntz=\count288
(C:\Users\42073\AppData\Local\Programs\MiKTeX\tex/generic/binhex\binhex.tex)
\tx@Isdigit=\count289
\tx@IsAlNum=\count290
\tx@tA=\toks31
\tx@tB=\toks32
\tx@su=\read2
LaTeX Font Info:    Redeclaring symbol font `operators' on input line 360.
LaTeX Font Info:    Overwriting symbol font `operators' in version `normal'
(Font)                  OT1/cmr/m/n --> OT1/cmr/m/n on input line 360.
LaTeX Font Info:    Overwriting symbol font `operators' in version `bold'
(Font)                  OT1/cmr/bx/n --> OT1/cmr/m/n on input line 360.
LaTeX Font Info:    Overwriting symbol font `operators' in version `bold'
(Font)                  OT1/cmr/m/n --> OT1/cmr/sb/n on input line 361.
LaTeX Font Info:    Redeclaring math alphabet \mathsf on input line 369.
LaTeX Font Info:    Overwriting math alphabet `\mathsf' in version `normal'
(Font)                  OT1/cmss/m/n --> T1/cmss/m/n on input line 369.
LaTeX Font Info:    Overwriting math alphabet `\mathsf' in version `bold'
(Font)                  OT1/cmss/bx/n --> T1/cmss/m/n on input line 369.
LaTeX Font Info:    Redeclaring math alphabet \mathit on input line 370.
LaTeX Font Info:    Overwriting math alphabet `\mathit' in version `normal'
(Font)                  OT1/cmr/m/it --> OT1/cmr/m/it on input line 370.
LaTeX Font Info:    Overwriting math alphabet `\mathit' in version `bold'
(Font)                  OT1/cmr/bx/it --> OT1/cmr/m/it on input line 370.
LaTeX Font Info:    Redeclaring math alphabet \mathtt on input line 371.
LaTeX Font Info:    Overwriting math alphabet `\mathtt' in version `normal'
(Font)                  OT1/cmtt/m/n --> T1/cmtt/m/n on input line 371.
LaTeX Font Info:    Overwriting math alphabet `\mathtt' in version `bold'
(Font)                  OT1/cmtt/m/n --> T1/cmtt/m/n on input line 371.
LaTeX Font Info:    Redeclaring math alphabet \mathbf on input line 373.
LaTeX Font Info:    Overwriting math alphabet `\mathbf' in version `normal'
(Font)                  OT1/cmr/bx/n --> OT1/cmr/sb/n on input line 373.
LaTeX Font Info:    Overwriting math alphabet `\mathbf' in version `bold'
(Font)                  OT1/cmr/bx/n --> OT1/cmr/sb/n on input line 373.
LaTeX Font Info:    Overwriting math alphabet `\mathit' in version `bold'
(Font)                  OT1/cmr/m/it --> OT1/cmr/sb/it on input line 374.
LaTeX Font Info:    Overwriting math alphabet `\mathsf' in version `bold'
(Font)                  T1/cmss/m/n --> T1/cmss/b/n on input line 375.
LaTeX Font Info:    Overwriting math alphabet `\mathtt' in version `bold'
(Font)                  T1/cmtt/m/n --> T1/cmtt/b/n on input line 376.
LaTeX Font Info:    Redeclaring symbol font `letters' on input line 393.
LaTeX Font Info:    Overwriting symbol font `letters' in version `normal'
(Font)                  OML/cmm/m/it --> OML/nxlmi/m/it on input line 393.
LaTeX Font Info:    Overwriting symbol font `letters' in version `bold'
(Font)                  OML/cmm/b/it --> OML/nxlmi/m/it on input line 393.
LaTeX Font Info:    Overwriting symbol font `letters' in version `bold'
(Font)                  OML/nxlmi/m/it --> OML/nxlmi/b/it on input line 394.
\symlettersA=\mathgroup6
LaTeX Font Info:    Overwriting symbol font `lettersA' in version `bold'
(Font)                  U/ntxmia/m/it --> U/ntxmia/b/it on input line 535.
LaTeX Font Info:    Redeclaring math alphabet \mathfrak on input line 537.
Now handling font encoding LMS ...
... no UTF-8 mapping file for font encoding LMS
LaTeX Font Info:    Redeclaring symbol font `symbols' on input line 556.
LaTeX Font Info:    Encoding `OMS' has changed to `LMS' for symbol font
(Font)              `symbols' in the math version `normal' on input line 556.
LaTeX Font Info:    Overwriting symbol font `symbols' in version `normal'
(Font)                  OMS/cmsy/m/n --> LMS/ntxsy/m/n on input line 556.
LaTeX Font Info:    Encoding `OMS' has changed to `LMS' for symbol font
(Font)              `symbols' in the math version `bold' on input line 556.
LaTeX Font Info:    Overwriting symbol font `symbols' in version `bold'
(Font)                  OMS/cmsy/b/n --> LMS/ntxsy/m/n on input line 556.
LaTeX Font Info:    Overwriting symbol font `symbols' in version `bold'
(Font)                  LMS/ntxsy/m/n --> LMS/ntxsy/b/n on input line 557.
\symAMSm=\mathgroup7
LaTeX Font Info:    Overwriting symbol font `AMSm' in version `bold'
(Font)                  U/ntxsym/m/n --> U/ntxsym/b/n on input line 580.
\symsymbolsC=\mathgroup8
LaTeX Font Info:    Overwriting symbol font `symbolsC' in version `bold'
(Font)                  U/ntxsyc/m/n --> U/ntxsyc/b/n on input line 601.
Now handling font encoding LMX ...
... no UTF-8 mapping file for font encoding LMX
LaTeX Font Info:    Redeclaring symbol font `largesymbols' on input line 614.
LaTeX Font Info:    Encoding `OMX' has changed to `LMX' for symbol font
(Font)              `largesymbols' in the math version `normal' on input line 6
14.
LaTeX Font Info:    Overwriting symbol font `largesymbols' in version `normal'
(Font)                  OMX/cmex/m/n --> LMX/ntxexx/m/n on input line 614.
LaTeX Font Info:    Encoding `OMX' has changed to `LMX' for symbol font
(Font)              `largesymbols' in the math version `bold' on input line 614
.
LaTeX Font Info:    Overwriting symbol font `largesymbols' in version `bold'
(Font)                  OMX/cmex/m/n --> LMX/ntxexx/m/n on input line 614.
LaTeX Font Info:    Overwriting symbol font `largesymbols' in version `bold'
(Font)                  LMX/ntxexx/m/n --> LMX/ntxexx/b/n on input line 615.
\symlargesymbolsTXA=\mathgroup9
LaTeX Font Info:    Overwriting symbol font `largesymbolsTXA' in version `bold'

(Font)                  U/ntxexa/m/n --> U/ntxexa/b/n on input line 629.
\tx@sbptoks=\toks33
LaTeX Font Info:    Redeclaring math delimiter \lfloor on input line 851.
LaTeX Font Info:    Redeclaring math delimiter \rfloor on input line 852.
LaTeX Font Info:    Redeclaring math delimiter \lceil on input line 853.
LaTeX Font Info:    Redeclaring math delimiter \rceil on input line 854.
LaTeX Font Info:    Redeclaring math delimiter \lbrace on input line 855.
LaTeX Font Info:    Redeclaring math delimiter \rbrace on input line 856.
LaTeX Font Info:    Redeclaring math delimiter \langle on input line 857.
LaTeX Font Info:    Redeclaring math delimiter \rangle on input line 859.
LaTeX Font Info:    Redeclaring math delimiter \arrowvert on input line 863.
LaTeX Font Info:    Redeclaring math delimiter \vert on input line 864.
LaTeX Font Info:    Redeclaring math accent \dot on input line 935.
LaTeX Font Info:    Redeclaring math accent \ddot on input line 936.
LaTeX Font Info:    Redeclaring math accent \vec on input line 1999.
\ntx@numstart=\count291
\ntx@UCstart=\count292
\ntx@lcstart=\count293
\ntx@tmpc=\count294
\ntx@imath=\count295
\ntx@jmath=\count296
LaTeX Info: Redefining \Bbbk on input line 2510.
LaTeX Info: Redefining \not on input line 2659.
LaTeX Info: Redefining \textsquare on input line 2689.
LaTeX Info: Redefining \openbox on input line 2691.
)
(C:\Users\42073\AppData\Local\Programs\MiKTeX\tex/latex/libertine\libertine.sty
Package: libertine 2020/03/26 (Bob Tennent) Supports Libertine and Biolinum fon
ts for all LaTeX engines.
(C:\Users\42073\AppData\Local\Programs\MiKTeX\tex/latex/base\textcomp.sty
Package: textcomp 2020/02/02 v2.0n Standard LaTeX package
)
(C:\Users\42073\AppData\Local\Programs\MiKTeX\tex/latex/base\fontenc.sty
Package: fontenc 2020/08/10 v2.0s Standard LaTeX package
)
(C:\Users\42073\AppData\Local\Programs\MiKTeX\tex/latex/fontaxes\fontaxes.sty
Package: fontaxes 2020/07/21 v1.0e Font selection axes
LaTeX Info: Redefining \upshape on input line 29.
LaTeX Info: Redefining \itshape on input line 31.
LaTeX Info: Redefining \slshape on input line 33.
LaTeX Info: Redefining \swshape on input line 35.
LaTeX Info: Redefining \scshape on input line 37.
LaTeX Info: Redefining \sscshape on input line 39.
LaTeX Info: Redefining \ulcshape on input line 41.
LaTeX Info: Redefining \textsw on input line 47.
LaTeX Info: Redefining \textssc on input line 48.
LaTeX Info: Redefining \textulc on input line 49.
)
LaTeX Info: Redefining \oldstylenums on input line 484.

(C:\Users\42073\AppData\Local\Programs\MiKTeX\tex/latex/libertine\LinLibertine_
I.tex))
(C:\Users\42073\AppData\Local\Programs\MiKTeX\tex/latex/inconsolata\zi4.sty
Package: zi4 2019/05/17 v1.12

`inconsolata-zi4' v1.12, 2019/05/17 Text macros for Inconsolata (msharpe)
\zifour@ocount=\count297
)
(C:\Users\42073\AppData\Local\Programs\MiKTeX\tex/latex/caption\caption.sty
Package: caption 2020/10/26 v3.5g Customizing captions (AR)

(C:\Users\42073\AppData\Local\Programs\MiKTeX\tex/latex/caption\caption3.sty
Package: caption3 2020/10/21 v2.2e caption3 kernel (AR)
\captionmargin=\dimen179
\captionmargin@=\dimen180
\captionwidth=\dimen181
\caption@tempdima=\dimen182
\caption@indent=\dimen183
\caption@parindent=\dimen184
\caption@hangindent=\dimen185
Package caption Info: AMS or SMF document class detected.

(C:\Users\42073\AppData\Local\Programs\MiKTeX\tex/latex/caption\caption-ams-smf
.sto
File: caption-ams-smf.sto 2020/08/22 v2.0 Adaption of the caption package to th
e AMS and SMF document classes (AR)
))
\c@caption@flags=\count298
\c@continuedfloat=\count299
Package caption Info: hyperref package is loaded.
) (C:\Users\42073\AppData\Local\Programs\MiKTeX\tex/latex/float\float.sty
Package: float 2001/11/08 v1.3d Float enhancements (AL)
\c@float@type=\count300
\float@exts=\toks34
\float@box=\box50
\@float@everytoks=\toks35
\@floatcapt=\box51
)
\@float@every@sidebar=\toks36
\c@sidebar=\count301
\fulltextwidth=\dimen186
\@ACM@labelwidth=\dimen187
\listisep=\skip61
\num@authorgroups=\count302
\num@authors=\count303
\@ACM@badge@width=\skip62
\@ACM@title@width=\skip63
\@ACM@badge@skip=\skip64
Class acmart Info: Printing CCS on input line 1477.
Class acmart Info: Printing bibformat on input line 1477.
Class acmart Info: Printing folios on input line 1482.
Class acmart Info: Setting authorsperrow to 0 on input line 1487.
 (C:\Users\42073\AppData\Local\Programs\MiKTeX\tex/latex/comment\comment.sty
\CommentStream=\write3

Excluding comment 'comment') Excluding comment 'CCSXML'
\c@@concepts=\count304
\mktitle@bx=\box52
\@ACM@commabox=\box53
\author@bx=\box54
\author@bx@wd=\dimen188
\author@bx@sep=\skip65

(C:\Users\42073\AppData\Local\Programs\MiKTeX\tex/latex/fancyhdr\fancyhdr.sty
Package: fancyhdr 2019/01/31 v3.10 Extensive control of page headers and footer
s
\f@nch@headwidth=\skip66
\f@nch@O@elh=\skip67
\f@nch@O@erh=\skip68
\f@nch@O@olh=\skip69
\f@nch@O@orh=\skip70
\f@nch@O@elf=\skip71
\f@nch@O@erf=\skip72
\f@nch@O@olf=\skip73
\f@nch@O@orf=\skip74
)
\@folio@wd=\dimen189
\@folio@ht=\dimen190
\@folio@voffset=\dimen191

Special comment 'acks'
LaTeX Font Info:    Trying to load font information for T1+LinuxLibertineT-TLF 
on input line 2998.

(C:\Users\42073\AppData\Local\Programs\MiKTeX\tex/latex/libertine\t1linuxlibert
inet-tlf.fd
File: T1LinuxLibertineT-TLF.fd 2017/03/20 (autoinst) Font definitions for T1/Li
nuxLibertineT-TLF.
)
LaTeX Font Info:    Font shape `T1/LinuxLibertineT-TLF/m/n' will be
(Font)              scaled to size 10.0pt on input line 2998.
) Excluding 'CCSXML' comment.
Package acmart Info: Using screen mode due to pacmpl on input line 68.
Class acmart Info: Using journal code pacmpl on input line 68.

(C:\Users\42073\AppData\Local\Programs\MiKTeX\tex/latex/caption\subcaption.sty
Package: subcaption 2020/10/07 v1.3j Sub-captions (AR)
\c@subfigure=\count305
\c@subtable=\count306
)
(C:\Users\42073\AppData\Local\Programs\MiKTeX\tex/latex/mathtools\mathtools.sty
Package: mathtools 2020/03/24 v1.24 mathematical typesetting tools
(C:\Users\42073\AppData\Local\Programs\MiKTeX\tex/latex/tools\calc.sty
Package: calc 2017/05/25 v4.3 Infix arithmetic (KKT,FJ)
\calc@Acount=\count307
\calc@Bcount=\count308
\calc@Adimen=\dimen192
\calc@Bdimen=\dimen193
\calc@Askip=\skip75
\calc@Bskip=\skip76
LaTeX Info: Redefining \setlength on input line 80.
LaTeX Info: Redefining \addtolength on input line 81.
\calc@Ccount=\count309
\calc@Cskip=\skip77
)
(C:\Users\42073\AppData\Local\Programs\MiKTeX\tex/latex/mathtools\mhsetup.sty
Package: mhsetup 2017/03/31 v1.3 programming setup (MH)
)
LaTeX Info: Thecontrolsequence`\('isalreadyrobust on input line 130.
LaTeX Info: Thecontrolsequence`\)'isalreadyrobust on input line 130.
LaTeX Info: Thecontrolsequence`\['isalreadyrobust on input line 130.
LaTeX Info: Thecontrolsequence`\]'isalreadyrobust on input line 130.
\g_MT_multlinerow_int=\count310
\l_MT_multwidth_dim=\dimen194
\origjot=\skip78
\l_MT_shortvdotswithinadjustabove_dim=\dimen195
\l_MT_shortvdotswithinadjustbelow_dim=\dimen196
\l_MT_above_intertext_sep=\dimen197
\l_MT_below_intertext_sep=\dimen198
\l_MT_above_shortintertext_sep=\dimen256
\l_MT_below_shortintertext_sep=\dimen257
\xmathstrut@box=\box55
\xmathstrut@dim=\dimen258
)
(C:\Users\42073\AppData\Local\Programs\MiKTeX\tex/latex/blindtext\blindtext.sty
Package: blindtext 2012/01/06 V2.0 blindtext-Package
(C:\Users\42073\AppData\Local\Programs\MiKTeX\tex/latex/tools\xspace.sty
Package: xspace 2014/10/28 v1.13 Space after command names (DPC,MH)
)
\c@blindtext=\count311
\c@Blindtext=\count312
\c@blind@countparstart=\count313
\blind@countxx=\count314
\blindtext@numBlindtext=\count315
\blind@countyy=\count316
\c@blindlist=\count317
\c@blindlistlevel=\count318
\c@blindlist@level=\count319
\blind@listitem=\count320
\c@blind@listcount=\count321
\c@blind@levelcount=\count322
\blind@mathformula=\count323
\blind@Mathformula=\count324
\c@blind@randomcount=\count325
\c@blind@randommax=\count326
\c@blind@pangramcount=\count327
\c@blind@pangrammax=\count328
)
(C:\Users\42073\AppData\Local\Programs\MiKTeX\tex/latex/bbm\bbm.sty
Package: bbm 1999/03/15 V 1.2 provides fonts for set symbols - TH
LaTeX Font Info:    Overwriting math alphabet `\mathbbm' in version `bold'
(Font)                  U/bbm/m/n --> U/bbm/bx/n on input line 33.
LaTeX Font Info:    Overwriting math alphabet `\mathbbmss' in version `bold'
(Font)                  U/bbmss/m/n --> U/bbmss/bx/n on input line 35.
)
(C:\Users\42073\AppData\Local\Programs\MiKTeX\tex/latex/adjustbox\trimclip.sty
Package: trimclip 2020/08/19 v1.2 Trim and clip general TeX material

(C:\Users\42073\AppData\Local\Programs\MiKTeX\tex/latex/collectbox\collectbox.s
ty
Package: collectbox 2012/05/17 v0.4b Collect macro arguments as boxes
\collectedbox=\box56
)
(C:\Users\42073\AppData\Local\Programs\MiKTeX\tex/latex/adjustbox\adjcalc.sty
Package: adjcalc 2012/05/16 v1.1 Provides advanced setlength with multiple back
-ends (calc, etex, pgfmath)
)
\tc@llx=\dimen259
\tc@lly=\dimen260
\tc@urx=\dimen261
\tc@ury=\dimen262
Package trimclip Info: Using driver 'tc-pdftex.def'.

(C:\Users\42073\AppData\Local\Programs\MiKTeX\tex/latex/adjustbox\tc-pdftex.def
File: tc-pdftex.def 2019/01/04 v2.2 Clipping driver for pdftex
)) (C:\Users\42073\AppData\Local\Programs\MiKTeX\tex/latex/wrapfig\wrapfig.sty
\wrapoverhang=\dimen263
\WF@size=\dimen264
\c@WF@wrappedlines=\count329
\WF@box=\box57
\WF@everypar=\toks37
Package: wrapfig 2003/01/31  v 3.6
) (C:\Users\42073\AppData\Local\Programs\MiKTeX\tex/latex/paralist\paralist.sty
Package: paralist 2017/01/22 v2.7 Extended list environments
\pltopsep=\skip79
\plpartopsep=\skip80
\plitemsep=\skip81
\plparsep=\skip82
\pl@lab=\toks38
) (C:\Users\42073\AppData\Local\Programs\MiKTeX\tex/latex/multirow\multirow.sty
Package: multirow 2019/05/31 v2.5 Span multiple rows of a table
\multirow@colwidth=\skip83
\multirow@cntb=\count330
\multirow@dima=\skip84
\bigstrutjot=\dimen265
) (C:\Users\42073\AppData\Local\Programs\MiKTeX\tex/latex/cleveref\cleveref.sty
Package: cleveref 2018/03/27 v0.21.4 Intelligent cross-referencing
Package cleveref Info: `hyperref' support loaded on input line 2370.
LaTeX Info: Redefining \cref on input line 2370.
LaTeX Info: Redefining \Cref on input line 2370.
LaTeX Info: Redefining \crefrange on input line 2370.
LaTeX Info: Redefining \Crefrange on input line 2370.
LaTeX Info: Redefining \cpageref on input line 2370.
LaTeX Info: Redefining \Cpageref on input line 2370.
LaTeX Info: Redefining \cpagerefrange on input line 2370.
LaTeX Info: Redefining \Cpagerefrange on input line 2370.
LaTeX Info: Redefining \labelcref on input line 2370.
LaTeX Info: Redefining \labelcpageref on input line 2370.
Package cleveref Info: `amsthm' support loaded on input line 3026.
Package cleveref Info: always capitalise cross-reference names on input line 78
25.
Package cleveref Info: always capitalise cross-reference names on input line 78
52.
)
(C:\Users\42073\AppData\Local\Programs\MiKTeX\tex/latex/adjustbox\adjustbox.sty
Package: adjustbox 2020/08/19 v1.3 Adjusting TeX boxes (trim, clip, ...)
\adjbox@Width=\dimen266
\adjbox@Height=\dimen267
\adjbox@Depth=\dimen268
\adjbox@Totalheight=\dimen269
\adjbox@pwidth=\dimen270
\adjbox@pheight=\dimen271
\adjbox@pdepth=\dimen272
\adjbox@ptotalheight=\dimen273

(C:\Users\42073\AppData\Local\Programs\MiKTeX\tex/latex/ifoddpage\ifoddpage.sty
Package: ifoddpage 2016/04/23 v1.1 Conditionals for odd/even page detection
\c@checkoddpage=\count331
) (C:\Users\42073\AppData\Local\Programs\MiKTeX\tex/latex/varwidth\varwidth.sty
Package: varwidth 2009/03/30 ver 0.92;  Variable-width minipages
\@vwid@box=\box58
\sift@deathcycles=\count332
\@vwid@loff=\dimen274
\@vwid@roff=\dimen275
))
(C:\Users\42073\AppData\Local\Programs\MiKTeX\tex/latex/pgf/frontendlayer\tikz.
sty
(C:\Users\42073\AppData\Local\Programs\MiKTeX\tex/latex/pgf/basiclayer\pgf.sty
(C:\Users\42073\AppData\Local\Programs\MiKTeX\tex/latex/pgf/utilities\pgfrcs.st
y
(C:\Users\42073\AppData\Local\Programs\MiKTeX\tex/generic/pgf/utilities\pgfutil
-common.tex
\pgfutil@everybye=\toks39
\pgfutil@tempdima=\dimen276
\pgfutil@tempdimb=\dimen277

(C:\Users\42073\AppData\Local\Programs\MiKTeX\tex/generic/pgf/utilities\pgfutil
-common-lists.tex))
(C:\Users\42073\AppData\Local\Programs\MiKTeX\tex/generic/pgf/utilities\pgfutil
-latex.def
\pgfutil@abb=\box59
)
(C:\Users\42073\AppData\Local\Programs\MiKTeX\tex/generic/pgf/utilities\pgfrcs.
code.tex
(C:\Users\42073\AppData\Local\Programs\MiKTeX\tex/generic/pgf\pgf.revision.tex)
Package: pgfrcs 2020/10/01 v3.1.6a (3.1.6a)
))
Package: pgf 2020/10/01 v3.1.6a (3.1.6a)

(C:\Users\42073\AppData\Local\Programs\MiKTeX\tex/latex/pgf/basiclayer\pgfcore.
sty
(C:\Users\42073\AppData\Local\Programs\MiKTeX\tex/latex/pgf/systemlayer\pgfsys.
sty
(C:\Users\42073\AppData\Local\Programs\MiKTeX\tex/generic/pgf/systemlayer\pgfsy
s.code.tex
Package: pgfsys 2020/10/01 v3.1.6a (3.1.6a)

(C:\Users\42073\AppData\Local\Programs\MiKTeX\tex/generic/pgf/utilities\pgfkeys
.code.tex
\pgfkeys@pathtoks=\toks40
\pgfkeys@temptoks=\toks41

(C:\Users\42073\AppData\Local\Programs\MiKTeX\tex/generic/pgf/utilities\pgfkeys
filtered.code.tex
\pgfkeys@tmptoks=\toks42
))
\pgf@x=\dimen278
\pgf@y=\dimen279
\pgf@xa=\dimen280
\pgf@ya=\dimen281
\pgf@xb=\dimen282
\pgf@yb=\dimen283
\pgf@xc=\dimen284
\pgf@yc=\dimen285
\pgf@xd=\dimen286
\pgf@yd=\dimen287
\w@pgf@writea=\write4
\r@pgf@reada=\read3
\c@pgf@counta=\count333
\c@pgf@countb=\count334
\c@pgf@countc=\count335
\c@pgf@countd=\count336
\t@pgf@toka=\toks43
\t@pgf@tokb=\toks44
\t@pgf@tokc=\toks45
\pgf@sys@id@count=\count337

(C:\Users\42073\AppData\Local\Programs\MiKTeX\tex/generic/pgf/systemlayer\pgf.c
fg
File: pgf.cfg 2020/10/01 v3.1.6a (3.1.6a)
)
Driver file for pgf: pgfsys-pdftex.def

(C:\Users\42073\AppData\Local\Programs\MiKTeX\tex/generic/pgf/systemlayer\pgfsy
s-pdftex.def
File: pgfsys-pdftex.def 2020/10/01 v3.1.6a (3.1.6a)

(C:\Users\42073\AppData\Local\Programs\MiKTeX\tex/generic/pgf/systemlayer\pgfsy
s-common-pdf.def
File: pgfsys-common-pdf.def 2020/10/01 v3.1.6a (3.1.6a)
)))
(C:\Users\42073\AppData\Local\Programs\MiKTeX\tex/generic/pgf/systemlayer\pgfsy
ssoftpath.code.tex
File: pgfsyssoftpath.code.tex 2020/10/01 v3.1.6a (3.1.6a)
\pgfsyssoftpath@smallbuffer@items=\count338
\pgfsyssoftpath@bigbuffer@items=\count339
)
(C:\Users\42073\AppData\Local\Programs\MiKTeX\tex/generic/pgf/systemlayer\pgfsy
sprotocol.code.tex
File: pgfsysprotocol.code.tex 2020/10/01 v3.1.6a (3.1.6a)
))
(C:\Users\42073\AppData\Local\Programs\MiKTeX\tex/generic/pgf/basiclayer\pgfcor
e.code.tex
Package: pgfcore 2020/10/01 v3.1.6a (3.1.6a)

(C:\Users\42073\AppData\Local\Programs\MiKTeX\tex/generic/pgf/math\pgfmath.code
.tex
(C:\Users\42073\AppData\Local\Programs\MiKTeX\tex/generic/pgf/math\pgfmathcalc.
code.tex
(C:\Users\42073\AppData\Local\Programs\MiKTeX\tex/generic/pgf/math\pgfmathutil.
code.tex)
(C:\Users\42073\AppData\Local\Programs\MiKTeX\tex/generic/pgf/math\pgfmathparse
r.code.tex
\pgfmath@dimen=\dimen288
\pgfmath@count=\count340
\pgfmath@box=\box60
\pgfmath@toks=\toks46
\pgfmath@stack@operand=\toks47
\pgfmath@stack@operation=\toks48
)
(C:\Users\42073\AppData\Local\Programs\MiKTeX\tex/generic/pgf/math\pgfmathfunct
ions.code.tex
(C:\Users\42073\AppData\Local\Programs\MiKTeX\tex/generic/pgf/math\pgfmathfunct
ions.basic.code.tex)
(C:\Users\42073\AppData\Local\Programs\MiKTeX\tex/generic/pgf/math\pgfmathfunct
ions.trigonometric.code.tex)
(C:\Users\42073\AppData\Local\Programs\MiKTeX\tex/generic/pgf/math\pgfmathfunct
ions.random.code.tex)
(C:\Users\42073\AppData\Local\Programs\MiKTeX\tex/generic/pgf/math\pgfmathfunct
ions.comparison.code.tex)
(C:\Users\42073\AppData\Local\Programs\MiKTeX\tex/generic/pgf/math\pgfmathfunct
ions.base.code.tex)
(C:\Users\42073\AppData\Local\Programs\MiKTeX\tex/generic/pgf/math\pgfmathfunct
ions.round.code.tex)
(C:\Users\42073\AppData\Local\Programs\MiKTeX\tex/generic/pgf/math\pgfmathfunct
ions.misc.code.tex)
(C:\Users\42073\AppData\Local\Programs\MiKTeX\tex/generic/pgf/math\pgfmathfunct
ions.integerarithmetics.code.tex)))
(C:\Users\42073\AppData\Local\Programs\MiKTeX\tex/generic/pgf/math\pgfmathfloat
.code.tex
\c@pgfmathroundto@lastzeros=\count341
))
(C:\Users\42073\AppData\Local\Programs\MiKTeX\tex/generic/pgf/math\pgfint.code.
tex)
(C:\Users\42073\AppData\Local\Programs\MiKTeX\tex/generic/pgf/basiclayer\pgfcor
epoints.code.tex
File: pgfcorepoints.code.tex 2020/10/01 v3.1.6a (3.1.6a)
\pgf@picminx=\dimen289
\pgf@picmaxx=\dimen290
\pgf@picminy=\dimen291
\pgf@picmaxy=\dimen292
\pgf@pathminx=\dimen293
\pgf@pathmaxx=\dimen294
\pgf@pathminy=\dimen295
\pgf@pathmaxy=\dimen296
\pgf@xx=\dimen297
\pgf@xy=\dimen298
\pgf@yx=\dimen299
\pgf@yy=\dimen300
\pgf@zx=\dimen301
\pgf@zy=\dimen302
)
(C:\Users\42073\AppData\Local\Programs\MiKTeX\tex/generic/pgf/basiclayer\pgfcor
epathconstruct.code.tex
File: pgfcorepathconstruct.code.tex 2020/10/01 v3.1.6a (3.1.6a)
\pgf@path@lastx=\dimen303
\pgf@path@lasty=\dimen304
)
(C:\Users\42073\AppData\Local\Programs\MiKTeX\tex/generic/pgf/basiclayer\pgfcor
epathusage.code.tex
File: pgfcorepathusage.code.tex 2020/10/01 v3.1.6a (3.1.6a)
\pgf@shorten@end@additional=\dimen305
\pgf@shorten@start@additional=\dimen306
)
(C:\Users\42073\AppData\Local\Programs\MiKTeX\tex/generic/pgf/basiclayer\pgfcor
escopes.code.tex
File: pgfcorescopes.code.tex 2020/10/01 v3.1.6a (3.1.6a)
\pgfpic=\box61
\pgf@hbox=\box62
\pgf@layerbox@main=\box63
\pgf@picture@serial@count=\count342
)
(C:\Users\42073\AppData\Local\Programs\MiKTeX\tex/generic/pgf/basiclayer\pgfcor
egraphicstate.code.tex
File: pgfcoregraphicstate.code.tex 2020/10/01 v3.1.6a (3.1.6a)
\pgflinewidth=\dimen307
)
(C:\Users\42073\AppData\Local\Programs\MiKTeX\tex/generic/pgf/basiclayer\pgfcor
etransformations.code.tex
File: pgfcoretransformations.code.tex 2020/10/01 v3.1.6a (3.1.6a)
\pgf@pt@x=\dimen308
\pgf@pt@y=\dimen309
\pgf@pt@temp=\dimen310
)
(C:\Users\42073\AppData\Local\Programs\MiKTeX\tex/generic/pgf/basiclayer\pgfcor
equick.code.tex
File: pgfcorequick.code.tex 2020/10/01 v3.1.6a (3.1.6a)
)
(C:\Users\42073\AppData\Local\Programs\MiKTeX\tex/generic/pgf/basiclayer\pgfcor
eobjects.code.tex
File: pgfcoreobjects.code.tex 2020/10/01 v3.1.6a (3.1.6a)
)
(C:\Users\42073\AppData\Local\Programs\MiKTeX\tex/generic/pgf/basiclayer\pgfcor
epathprocessing.code.tex
File: pgfcorepathprocessing.code.tex 2020/10/01 v3.1.6a (3.1.6a)
)
(C:\Users\42073\AppData\Local\Programs\MiKTeX\tex/generic/pgf/basiclayer\pgfcor
earrows.code.tex
File: pgfcorearrows.code.tex 2020/10/01 v3.1.6a (3.1.6a)
\pgfarrowsep=\dimen311
)
(C:\Users\42073\AppData\Local\Programs\MiKTeX\tex/generic/pgf/basiclayer\pgfcor
eshade.code.tex
File: pgfcoreshade.code.tex 2020/10/01 v3.1.6a (3.1.6a)
\pgf@max=\dimen312
\pgf@sys@shading@range@num=\count343
\pgf@shadingcount=\count344
)
(C:\Users\42073\AppData\Local\Programs\MiKTeX\tex/generic/pgf/basiclayer\pgfcor
eimage.code.tex
File: pgfcoreimage.code.tex 2020/10/01 v3.1.6a (3.1.6a)

(C:\Users\42073\AppData\Local\Programs\MiKTeX\tex/generic/pgf/basiclayer\pgfcor
eexternal.code.tex
File: pgfcoreexternal.code.tex 2020/10/01 v3.1.6a (3.1.6a)
\pgfexternal@startupbox=\box64
))
(C:\Users\42073\AppData\Local\Programs\MiKTeX\tex/generic/pgf/basiclayer\pgfcor
elayers.code.tex
File: pgfcorelayers.code.tex 2020/10/01 v3.1.6a (3.1.6a)
)
(C:\Users\42073\AppData\Local\Programs\MiKTeX\tex/generic/pgf/basiclayer\pgfcor
etransparency.code.tex
File: pgfcoretransparency.code.tex 2020/10/01 v3.1.6a (3.1.6a)
)
(C:\Users\42073\AppData\Local\Programs\MiKTeX\tex/generic/pgf/basiclayer\pgfcor
epatterns.code.tex
File: pgfcorepatterns.code.tex 2020/10/01 v3.1.6a (3.1.6a)
)
(C:\Users\42073\AppData\Local\Programs\MiKTeX\tex/generic/pgf/basiclayer\pgfcor
erdf.code.tex
File: pgfcorerdf.code.tex 2020/10/01 v3.1.6a (3.1.6a)
)))
(C:\Users\42073\AppData\Local\Programs\MiKTeX\tex/generic/pgf/modules\pgfmodule
shapes.code.tex
File: pgfmoduleshapes.code.tex 2020/10/01 v3.1.6a (3.1.6a)
\pgfnodeparttextbox=\box65
)
(C:\Users\42073\AppData\Local\Programs\MiKTeX\tex/generic/pgf/modules\pgfmodule
plot.code.tex
File: pgfmoduleplot.code.tex 2020/10/01 v3.1.6a (3.1.6a)
)
(C:\Users\42073\AppData\Local\Programs\MiKTeX\tex/latex/pgf/compatibility\pgfco
mp-version-0-65.sty
Package: pgfcomp-version-0-65 2020/10/01 v3.1.6a (3.1.6a)
\pgf@nodesepstart=\dimen313
\pgf@nodesepend=\dimen314
)
(C:\Users\42073\AppData\Local\Programs\MiKTeX\tex/latex/pgf/compatibility\pgfco
mp-version-1-18.sty
Package: pgfcomp-version-1-18 2020/10/01 v3.1.6a (3.1.6a)
))
(C:\Users\42073\AppData\Local\Programs\MiKTeX\tex/latex/pgf/utilities\pgffor.st
y
(C:\Users\42073\AppData\Local\Programs\MiKTeX\tex/latex/pgf/utilities\pgfkeys.s
ty
(C:\Users\42073\AppData\Local\Programs\MiKTeX\tex/generic/pgf/utilities\pgfkeys
.code.tex))
(C:\Users\42073\AppData\Local\Programs\MiKTeX\tex/latex/pgf/math\pgfmath.sty
(C:\Users\42073\AppData\Local\Programs\MiKTeX\tex/generic/pgf/math\pgfmath.code
.tex))
(C:\Users\42073\AppData\Local\Programs\MiKTeX\tex/generic/pgf/utilities\pgffor.
code.tex
Package: pgffor 2020/10/01 v3.1.6a (3.1.6a)

(C:\Users\42073\AppData\Local\Programs\MiKTeX\tex/generic/pgf/math\pgfmath.code
.tex)
\pgffor@iter=\dimen315
\pgffor@skip=\dimen316
\pgffor@stack=\toks49
\pgffor@toks=\toks50
))
(C:\Users\42073\AppData\Local\Programs\MiKTeX\tex/generic/pgf/frontendlayer/tik
z\tikz.code.tex
Package: tikz 2020/10/01 v3.1.6a (3.1.6a)

(C:\Users\42073\AppData\Local\Programs\MiKTeX\tex/generic/pgf/libraries\pgflibr
aryplothandlers.code.tex
File: pgflibraryplothandlers.code.tex 2020/10/01 v3.1.6a (3.1.6a)
\pgf@plot@mark@count=\count345
\pgfplotmarksize=\dimen317
)
\tikz@lastx=\dimen318
\tikz@lasty=\dimen319
\tikz@lastxsaved=\dimen320
\tikz@lastysaved=\dimen321
\tikz@lastmovetox=\dimen322
\tikz@lastmovetoy=\dimen323
\tikzleveldistance=\dimen324
\tikzsiblingdistance=\dimen325
\tikz@figbox=\box66
\tikz@figbox@bg=\box67
\tikz@tempbox=\box68
\tikz@tempbox@bg=\box69
\tikztreelevel=\count346
\tikznumberofchildren=\count347
\tikznumberofcurrentchild=\count348
\tikz@fig@count=\count349

(C:\Users\42073\AppData\Local\Programs\MiKTeX\tex/generic/pgf/modules\pgfmodule
matrix.code.tex
File: pgfmodulematrix.code.tex 2020/10/01 v3.1.6a (3.1.6a)
\pgfmatrixcurrentrow=\count350
\pgfmatrixcurrentcolumn=\count351
\pgf@matrix@numberofcolumns=\count352
)
\tikz@expandcount=\count353

(C:\Users\42073\AppData\Local\Programs\MiKTeX\tex/generic/pgf/frontendlayer/tik
z/libraries\tikzlibrarytopaths.code.tex
File: tikzlibrarytopaths.code.tex 2020/10/01 v3.1.6a (3.1.6a)
)))
(C:\Users\42073\AppData\Local\Programs\MiKTeX\tex/generic/pgf/frontendlayer/tik
z/libraries\tikzlibraryarrows.code.tex
File: tikzlibraryarrows.code.tex 2020/10/01 v3.1.6a (3.1.6a)

(C:\Users\42073\AppData\Local\Programs\MiKTeX\tex/generic/pgf/libraries\pgflibr
aryarrows.code.tex
File: pgflibraryarrows.code.tex 2020/10/01 v3.1.6a (3.1.6a)
\arrowsize=\dimen326
))
(C:\Users\42073\AppData\Local\Programs\MiKTeX\tex/generic/pgf/frontendlayer/tik
z/libraries\tikzlibraryautomata.code.tex
File: tikzlibraryautomata.code.tex 2020/10/01 v3.1.6a (3.1.6a)

(C:\Users\42073\AppData\Local\Programs\MiKTeX\tex/generic/pgf/frontendlayer/tik
z/libraries\tikzlibraryshapes.multipart.code.tex
File: tikzlibraryshapes.multipart.code.tex 2020/10/01 v3.1.6a (3.1.6a)

(C:\Users\42073\AppData\Local\Programs\MiKTeX\tex/generic/pgf/libraries/shapes\
pgflibraryshapes.multipart.code.tex
File: pgflibraryshapes.multipart.code.tex 2020/10/01 v3.1.6a (3.1.6a)
\pgfnodepartlowerbox=\box70
\pgfnodeparttwobox=\box71
\pgfnodepartthreebox=\box72
\pgfnodepartfourbox=\box73
\pgfnodeparttwentybox=\box74
\pgfnodepartnineteenbox=\box75
\pgfnodeparteighteenbox=\box76
\pgfnodepartseventeenbox=\box77
\pgfnodepartsixteenbox=\box78
\pgfnodepartfifteenbox=\box79
\pgfnodepartfourteenbox=\box80
\pgfnodepartthirteenbox=\box81
\pgfnodeparttwelvebox=\box82
\pgfnodepartelevenbox=\box83
\pgfnodeparttenbox=\box84
\pgfnodepartninebox=\box85
\pgfnodeparteightbox=\box86
\pgfnodepartsevenbox=\box87
\pgfnodepartsixbox=\box88
\pgfnodepartfivebox=\box89
)))
(C:\Users\42073\AppData\Local\Programs\MiKTeX\tex/generic/pgf/frontendlayer/tik
z/libraries\tikzlibrarypositioning.code.tex
File: tikzlibrarypositioning.code.tex 2020/10/01 v3.1.6a (3.1.6a)
)
(C:\Users\42073\AppData\Local\Programs\MiKTeX\tex/generic/pgf/frontendlayer/tik
z/libraries\tikzlibraryfit.code.tex
File: tikzlibraryfit.code.tex 2020/10/01 v3.1.6a (3.1.6a)
)
(C:\Users\42073\AppData\Local\Programs\MiKTeX\tex/latex/pgfplots\pgfplots.sty
(C:\Users\42073\AppData\Local\Programs\MiKTeX\tex/generic/pgfplots\pgfplots.rev
ision.tex)
Package: pgfplots 2020/02/29 v1.17 Data Visualization (1.17)

(C:\Users\42073\AppData\Local\Programs\MiKTeX\tex/generic/pgfplots\pgfplots.cod
e.tex
(C:\Users\42073\AppData\Local\Programs\MiKTeX\tex/generic/pgfplots\pgfplotscore
.code.tex
\t@pgfplots@toka=\toks51
\t@pgfplots@tokb=\toks52
\t@pgfplots@tokc=\toks53
\pgfplots@tmpa=\dimen327
\c@pgfplots@coordindex=\count354
\c@pgfplots@scanlineindex=\count355

(C:\Users\42073\AppData\Local\Programs\MiKTeX\tex/generic/pgfplots/sys\pgfplots
sysgeneric.code.tex))
(C:\Users\42073\AppData\Local\Programs\MiKTeX\tex/generic/pgfplots/libs\pgfplot
slibrary.code.tex)
(C:\Users\42073\AppData\Local\Programs\MiKTeX\tex/generic/pgfplots/oldpgfcompat
ib\pgfplotsoldpgfsupp_loader.code.tex
(C:\Users\42073\AppData\Local\Programs\MiKTeX\tex/generic/pgf/libraries\pgflibr
aryfpu.code.tex))
(C:\Users\42073\AppData\Local\Programs\MiKTeX\tex/generic/pgfplots/util\pgfplot
sutil.code.tex
(C:\Users\42073\AppData\Local\Programs\MiKTeX\tex/generic/pgfplots/liststructur
e\pgfplotsliststructure.code.tex)
(C:\Users\42073\AppData\Local\Programs\MiKTeX\tex/generic/pgfplots/liststructur
e\pgfplotsliststructureext.code.tex)
(C:\Users\42073\AppData\Local\Programs\MiKTeX\tex/generic/pgfplots/liststructur
e\pgfplotsarray.code.tex
\c@pgfplotsarray@tmp=\count356
)
(C:\Users\42073\AppData\Local\Programs\MiKTeX\tex/generic/pgfplots/liststructur
e\pgfplotsmatrix.code.tex)
(C:\Users\42073\AppData\Local\Programs\MiKTeX\tex/generic/pgfplots/numtable\pgf
plotstableshared.code.tex
\c@pgfplotstable@counta=\count357
\t@pgfplotstable@a=\toks54
)
(C:\Users\42073\AppData\Local\Programs\MiKTeX\tex/generic/pgfplots/liststructur
e\pgfplotsdeque.code.tex)
(C:\Users\42073\AppData\Local\Programs\MiKTeX\tex/generic/pgfplots/util\pgfplot
sbinary.code.tex
(C:\Users\42073\AppData\Local\Programs\MiKTeX\tex/generic/pgfplots/util\pgfplot
sbinary.data.code.tex))
(C:\Users\42073\AppData\Local\Programs\MiKTeX\tex/generic/pgfplots/util\pgfplot
sutil.verb.code.tex)
(C:\Users\42073\AppData\Local\Programs\MiKTeX\tex/generic/pgfplots/libs\pgflibr
arypgfplots.surfshading.code.tex
\c@pgfplotslibrarysurf@no=\count358

(C:\Users\42073\AppData\Local\Programs\MiKTeX\tex/generic/pgfplots/sys\pgflibra
rypgfplots.surfshading.pgfsys-pdftex.def)))
(C:\Users\42073\AppData\Local\Programs\MiKTeX\tex/generic/pgfplots/util\pgfplot
scolormap.code.tex
(C:\Users\42073\AppData\Local\Programs\MiKTeX\tex/generic/pgfplots/util\pgfplot
scolor.code.tex))
(C:\Users\42073\AppData\Local\Programs\MiKTeX\tex/generic/pgfplots\pgfplotsstac
kedplots.code.tex)
(C:\Users\42073\AppData\Local\Programs\MiKTeX\tex/generic/pgfplots\pgfplotsplot
handlers.code.tex
(C:\Users\42073\AppData\Local\Programs\MiKTeX\tex/generic/pgfplots\pgfplotsmesh
plothandler.code.tex
(C:\Users\42073\AppData\Local\Programs\MiKTeX\tex/generic/pgfplots\pgfplotsmesh
plotimage.code.tex)))
(C:\Users\42073\AppData\Local\Programs\MiKTeX\tex/generic/pgfplots\pgfplots.sca
ling.code.tex)
(C:\Users\42073\AppData\Local\Programs\MiKTeX\tex/generic/pgfplots\pgfplotscoor
dprocessing.code.tex)
(C:\Users\42073\AppData\Local\Programs\MiKTeX\tex/generic/pgfplots\pgfplots.err
orbars.code.tex)
(C:\Users\42073\AppData\Local\Programs\MiKTeX\tex/generic/pgfplots\pgfplots.mar
kers.code.tex)
(C:\Users\42073\AppData\Local\Programs\MiKTeX\tex/generic/pgfplots\pgfplotstick
s.code.tex)
(C:\Users\42073\AppData\Local\Programs\MiKTeX\tex/generic/pgfplots\pgfplots.pat
hs.code.tex)
(C:\Users\42073\AppData\Local\Programs\MiKTeX\tex/generic/pgf/frontendlayer/tik
z/libraries\tikzlibrarydecorations.code.tex
(C:\Users\42073\AppData\Local\Programs\MiKTeX\tex/generic/pgf/modules\pgfmodule
decorations.code.tex
\pgfdecoratedcompleteddistance=\dimen328
\pgfdecoratedremainingdistance=\dimen329
\pgfdecoratedinputsegmentcompleteddistance=\dimen330
\pgfdecoratedinputsegmentremainingdistance=\dimen331
\pgf@decorate@distancetomove=\dimen332
\pgf@decorate@repeatstate=\count359
\pgfdecorationsegmentamplitude=\dimen333
\pgfdecorationsegmentlength=\dimen334
)
\tikz@lib@dec@box=\box90
)
(C:\Users\42073\AppData\Local\Programs\MiKTeX\tex/generic/pgf/frontendlayer/tik
z/libraries\tikzlibrarydecorations.pathmorphing.code.tex
(C:\Users\42073\AppData\Local\Programs\MiKTeX\tex/generic/pgf/libraries/decorat
ions\pgflibrarydecorations.pathmorphing.code.tex))
(C:\Users\42073\AppData\Local\Programs\MiKTeX\tex/generic/pgf/frontendlayer/tik
z/libraries\tikzlibrarydecorations.pathreplacing.code.tex
(C:\Users\42073\AppData\Local\Programs\MiKTeX\tex/generic/pgf/libraries/decorat
ions\pgflibrarydecorations.pathreplacing.code.tex))
\pgfplots@numplots=\count360
\pgfplots@xmin@reg=\dimen335
\pgfplots@xmax@reg=\dimen336
\pgfplots@ymin@reg=\dimen337
\pgfplots@ymax@reg=\dimen338
\pgfplots@zmin@reg=\dimen339
\pgfplots@zmax@reg=\dimen340
)
(C:\Users\42073\AppData\Local\Programs\MiKTeX\tex/generic/pgf/frontendlayer/tik
z/libraries\tikzlibraryplotmarks.code.tex
File: tikzlibraryplotmarks.code.tex 2020/10/01 v3.1.6a (3.1.6a)

(C:\Users\42073\AppData\Local\Programs\MiKTeX\tex/generic/pgf/libraries\pgflibr
aryplotmarks.code.tex
File: pgflibraryplotmarks.code.tex 2020/10/01 v3.1.6a (3.1.6a)
)))
(C:\Users\42073\AppData\Local\Programs\MiKTeX\tex/latex/jknappen\mathrsfs.sty
Package: mathrsfs 1996/01/01 Math RSFS package v1.0 (jk)
\symrsfs=\mathgroup10
)
(C:\Users\42073\AppData\Local\Programs\MiKTeX\tex/latex/changebar\changebar.sty
Package: changebar 2018/03/09 v3.6c Indicate changes with marginal bars
\cb@nextpoint=\count361
\cb@topleft=\count362
\cb@topright=\count363
\cb@botleft=\count364
\cb@botright=\count365
\cb@cnta=\count366
\cb@cntb=\count367
\cb@dima=\dimen341
\cb@curbarwd=\dimen342
\cb@page=\count368
\cb@pagecount=\count369
\cb@odd@left=\dimen343
\cb@odd@right=\dimen344
\cb@even@left=\dimen345
\cb@even@right=\dimen346
\cb@writexy=\write5
\cb@readxy=\read4
\openout5 = `paper.cb2'.

\changebarwidth=\skip85
\deletebarwidth=\skip86
\changebarsep=\skip87
\c@changebargrey=\count370
\cb@write=\write6
\cb@read=\read5
\openout6 = `paper.cb'.

)
Package hyperref Info: Option `colorlinks' set `true' on input line 168.
Package hyperref Info: Option `pdfdisplaydoctitle' set `true' on input line 168
.
\c@theorem=\count371
 Include comment 'screenonly' Excluding comment 'printonly'
Include comment 'anonsuppress'
(C:\Users\42073\AppData\Local\Programs\MiKTeX\tex/latex/l3backend\l3backend-pdf
tex.def
File: l3backend-pdftex.def 2020-09-24 L3 backend support: PDF output (pdfTeX)
\l__kernel_color_stack_int=\count372
\l__pdf_internal_box=\box91
) (paper.aux

LaTeX Warning: Label `sec:label' multiply defined.


LaTeX Warning: Label `sec:label@cref' multiply defined.


LaTeX Warning: Label `sec:label' multiply defined.


LaTeX Warning: Label `sec:label@cref' multiply defined.

)
\openout1 = `paper.aux'.

LaTeX Font Info:    Checking defaults for OML/nxlmi/m/it on input line 168.
LaTeX Font Info:    Trying to load font information for OML+nxlmi on input line
 168.
 (C:\Users\42073\AppData\Local\Programs\MiKTeX\tex/latex/newtx\omlnxlmi.fd
File: omlnxlmi.fd 2013/11/19 Fontinst v1.933 font definitions for OML/nxlmi.
)
LaTeX Font Info:    ... okay on input line 168.
LaTeX Font Info:    Checking defaults for OMS/cmsy/m/n on input line 168.
LaTeX Font Info:    ... okay on input line 168.
LaTeX Font Info:    Checking defaults for OT1/cmr/m/n on input line 168.
LaTeX Font Info:    ... okay on input line 168.
LaTeX Font Info:    Checking defaults for T1/cmr/m/n on input line 168.
LaTeX Font Info:    ... okay on input line 168.
LaTeX Font Info:    Checking defaults for TS1/cmr/m/n on input line 168.
LaTeX Font Info:    ... okay on input line 168.
LaTeX Font Info:    Checking defaults for OMX/cmex/m/n on input line 168.
LaTeX Font Info:    ... okay on input line 168.
LaTeX Font Info:    Checking defaults for U/ntxexa/m/n on input line 168.
LaTeX Font Info:    Trying to load font information for U+ntxexa on input line 
168.

(C:\Users\42073\AppData\Local\Programs\MiKTeX\tex/latex/newtx\untxexa.fd
File: untxexa.fd 2012/04/16 Fontinst v1.933 font definitions for U/ntxexa.
)
LaTeX Font Info:    ... okay on input line 168.
LaTeX Font Info:    Checking defaults for PD1/pdf/m/n on input line 168.
LaTeX Font Info:    ... okay on input line 168.
LaTeX Font Info:    Checking defaults for PU/pdf/m/n on input line 168.
LaTeX Font Info:    ... okay on input line 168.
LaTeX Font Info:    Checking defaults for LMS/ntxsy/m/n on input line 168.
LaTeX Font Info:    Trying to load font information for LMS+ntxsy on input line
 168.

(C:\Users\42073\AppData\Local\Programs\MiKTeX\tex/latex/newtx\lmsntxsy.fd
File: lmsntxsy.fd 2016/07/02 Fontinst v1.933 font definitions for LMS/ntxsy.
)
LaTeX Font Info:    ... okay on input line 168.
LaTeX Font Info:    Checking defaults for LMX/ntxexx/m/n on input line 168.
LaTeX Font Info:    Trying to load font information for LMX+ntxexx on input lin
e 168.

(C:\Users\42073\AppData\Local\Programs\MiKTeX\tex/latex/newtx\lmxntxexx.fd
File: lmxntxexx.fd 2016/07/03 Fontinst v1.933 font definitions for LMX/ntxexx.
)
LaTeX Font Info:    ... okay on input line 168.
LaTeX Font Info:    Font shape `T1/LinuxLibertineT-TLF/m/n' will be
(Font)              scaled to size 8.0pt on input line 168.
<<ot1.cmap>>

LaTeX Font Warning: Font shape `OT1/cmr/m/n' in size <5.5> not available
(Font)              size <5> substituted on input line 168.

<<oml.cmap>>
LaTeX Font Info:    Trying to load font information for U+msa on input line 168
.

(C:\Users\42073\AppData\Local\Programs\MiKTeX\tex/latex/amsfonts\umsa.fd
File: umsa.fd 2013/01/14 v3.01 AMS symbols A
)
LaTeX Font Info:    Trying to load font information for U+msb on input line 168
.

(C:\Users\42073\AppData\Local\Programs\MiKTeX\tex/latex/amsfonts\umsb.fd
File: umsb.fd 2013/01/14 v3.01 AMS symbols B
)
LaTeX Font Info:    Trying to load font information for U+ntxmia on input line 
168.

(C:\Users\42073\AppData\Local\Programs\MiKTeX\tex/latex/newtx\untxmia.fd
File: untxmia.fd 2018/04/14 Fontinst v1.933 font definitions for U/ntxmia.
)
LaTeX Font Info:    Trying to load font information for U+ntxsym on input line 
168.

(C:\Users\42073\AppData\Local\Programs\MiKTeX\tex/latex/newtx\untxsym.fd
File: untxsym.fd 2015/03/20 Fontinst v1.933 font definitions for U/ntxsym.
)
LaTeX Font Info:    Trying to load font information for U+ntxsyc on input line 
168.

(C:\Users\42073\AppData\Local\Programs\MiKTeX\tex/latex/newtx\untxsyc.fd
File: untxsyc.fd 2012/04/12 Fontinst v1.933 font definitions for U/ntxsyc.
)
LaTeX Font Info:    Trying to load font information for U+rsfs on input line 16
8.

(C:\Users\42073\AppData\Local\Programs\MiKTeX\tex/latex/jknappen\ursfs.fd
File: ursfs.fd 1998/03/24 rsfs font definition file (jk)
)

LaTeX Font Warning: Font shape `U/rsfs/m/n' in size <5.5> not available
(Font)              size <5> substituted on input line 168.

LaTeX Info: Redefining \microtypecontext on input line 168.
Package microtype Info: Generating PDF output.
Package microtype Info: Character protrusion enabled (level 2).
Package microtype Info: Using default protrusion set `alltext'.
Package microtype Info: Automatic font expansion enabled (level 2),
(microtype)             stretch: 20, shrink: 20, step: 1, non-selected.
Package microtype Info: Using default expansion set `basictext'.
LaTeX Info: Redefining \showhyphens on input line 168.
Package microtype Info: No adjustment of tracking.
Package microtype Info: No adjustment of interword spacing.
Package microtype Info: No adjustment of character kerning.
Package microtype Info: Loading generic protrusion settings for font family
(microtype)             `LinuxLibertineT-TLF' (encoding: T1).
(microtype)             For optimal results, create family-specific settings.
(microtype)             See the microtype manual for details.
Package hyperref Info: Link coloring ON on input line 168.
(C:\Users\42073\AppData\Local\Programs\MiKTeX\tex/latex/hyperref\nameref.sty
Package: nameref 2019/09/16 v2.46 Cross-referencing by name of section

(C:\Users\42073\AppData\Local\Programs\MiKTeX\tex/generic/gettitlestring\gettit
lestring.sty
Package: gettitlestring 2019/12/15 v1.6 Cleanup title references (HO)
)
\c@section@level=\count373
)
LaTeX Info: Redefining \ref on input line 168.
LaTeX Info: Redefining \pageref on input line 168.
LaTeX Info: Redefining \nameref on input line 168.
 (paper.out) (paper.out)
\@outlinefile=\write7
\openout7 = `paper.out'.


(C:\Users\42073\AppData\Local\Programs\MiKTeX\tex/context/base/mkii\supp-pdf.mk
ii
[Loading MPS to PDF converter (version 2006.09.02).]
\scratchcounter=\count374
\scratchdimen=\dimen347
\scratchbox=\box92
\nofMPsegments=\count375
\nofMParguments=\count376
\everyMPshowfont=\toks55
\MPscratchCnt=\count377
\MPscratchDim=\dimen348
\MPnumerator=\count378
\makeMPintoPDFobject=\count379
\everyMPtoPDFconversion=\toks56
)
(C:\Users\42073\AppData\Local\Programs\MiKTeX\tex/latex/epstopdf-pkg\epstopdf-b
ase.sty
Package: epstopdf-base 2020-01-24 v2.11 Base part for package epstopdf
Package epstopdf-base Info: Redefining graphics rule for `.eps' on input line 4
85.
)
*geometry* driver: auto-detecting
*geometry* detected driver: pdftex
*geometry* verbose mode - [ preamble ] result:
* driver: pdftex
* paper: custom
* layout: <same size as paper>
* layoutoffset:(h,v)=(0.0pt,0.0pt)
* modes: includehead includefoot twoside heightrounded 
* h-part:(L,W,R)=(46.0pt, 395.8225pt, 46.0pt)
* v-part:(T,H,B)=(58.0pt, 620.7pt, 44.0pt)
* \paperwidth=487.8225pt
* \paperheight=722.7pt
* \textwidth=395.8225pt
* \textheight=574.0pt
* \oddsidemargin=-26.26999pt
* \evensidemargin=-26.26999pt
* \topmargin=-14.26999pt
* \headheight=13.0pt
* \headsep=14.0pt
* \topskip=10.0pt
* \footskip=24.0pt
* \marginparwidth=24.0pt
* \marginparsep=11.0pt
* \columnsep=10.0pt
* \skip\footins=7.0pt plus 11.0pt
* \hoffset=0.0pt
* \voffset=0.0pt
* \mag=1000
* \@twocolumnfalse
* \@twosidetrue
* \@mparswitchtrue
* \@reversemarginfalse
* (1in=72.27pt=25.4mm, 1cm=28.453pt)

\c@mv@tabular=\count380
\c@mv@boldtabular=\count381
(C:\Users\42073\AppData\Local\Programs\MiKTeX\tex/latex/upquote\upquote.sty
Package: upquote 2012/04/19 v1.3 upright-quote and grave-accent glyphs in verba
tim
)
Package caption Info: Begin \AtBeginDocument code.
Package caption Info: float package is loaded.
Package caption Info: wrapfig package is loaded.
Package caption Info: End \AtBeginDocument code.


Package pgfplots Warning: running in backwards compatibility mode (unsuitable t
ick labels; missing features). Consider writing \pgfplotsset{compat=1.17} into 
your preamble.
 on input line 168.

(macros.tex)
LaTeX Font Info:    Font shape `T1/LinuxLibertineT-TLF/m/n' will be
(Font)              scaled to size 14.4pt on input line 303.
LaTeX Font Info:    Trying to load font information for T1+LinuxBiolinumT-TLF o
n input line 303.

(C:\Users\42073\AppData\Local\Programs\MiKTeX\tex/latex/libertine\t1linuxbiolin
umt-tlf.fd
File: T1LinuxBiolinumT-TLF.fd 2017/03/20 (autoinst) Font definitions for T1/Lin
uxBiolinumT-TLF.
)
LaTeX Font Info:    Font shape `T1/LinuxBiolinumT-TLF/m/n' will be
(Font)              scaled to size 14.4pt on input line 303.
Package microtype Info: Loading generic protrusion settings for font family
(microtype)             `LinuxBiolinumT-TLF' (encoding: T1).
(microtype)             For optimal results, create family-specific settings.
(microtype)             See the microtype manual for details.
LaTeX Font Info:    Font shape `T1/LinuxBiolinumT-TLF/b/n' will be
(Font)              scaled to size 14.4pt on input line 303.
LaTeX Font Info:    Font shape `T1/LinuxLibertineT-TLF/m/n' will be
(Font)              scaled to size 10.95pt on input line 303.
LaTeX Font Info:    Font shape `T1/LinuxBiolinumT-TLF/m/n' will be
(Font)              scaled to size 10.95pt on input line 303.
LaTeX Font Info:    Font shape `T1/LinuxBiolinumT-TLF/m/n' will be
(Font)              scaled to size 9.0pt on input line 303.
LaTeX Font Info:    Font shape `T1/LinuxLibertineT-TLF/m/n' will be
(Font)              scaled to size 9.0pt on input line 303.
LaTeX Font Info:    Trying to load font information for TS1+LinuxLibertineT-TLF
 on input line 303.

(C:\Users\42073\AppData\Local\Programs\MiKTeX\tex/latex/libertine\ts1linuxliber
tinet-tlf.fd
File: TS1LinuxLibertineT-TLF.fd 2017/03/20 (autoinst) Font definitions for TS1/
LinuxLibertineT-TLF.
)
LaTeX Font Info:    Font shape `TS1/LinuxLibertineT-TLF/m/n' will be
(Font)              scaled to size 8.0pt on input line 303.
Package microtype Info: Loading generic protrusion settings for font family
(microtype)             `LinuxLibertineT-TLF' (encoding: TS1).
(microtype)             For optimal results, create family-specific settings.
(microtype)             See the microtype manual for details.

(C:\Users\42073\AppData\Local\Programs\MiKTeX\tex/latex/microtype\mt-cmr.cfg
File: mt-cmr.cfg 2013/05/19 v2.2 microtype config. file: Computer Modern Roman 
(RS)
)
(C:\Users\42073\AppData\Local\Programs\MiKTeX\tex/latex/microtype\mt-msa.cfg
File: mt-msa.cfg 2006/02/04 v1.1 microtype config. file: AMS symbols (a) (RS)
)
(C:\Users\42073\AppData\Local\Programs\MiKTeX\tex/latex/microtype\mt-msb.cfg
File: mt-msb.cfg 2005/06/01 v1.0 microtype config. file: AMS symbols (b) (RS)
)
LaTeX Font Info:    Trying to load font information for T1+zi4 on input line 30
3.

(C:\Users\42073\AppData\Local\Programs\MiKTeX\tex/latex/inconsolata\t1zi4.fd
File: t1zi4.fd 2018/01/14 T1/zi4 (Inconsolata)
)
LaTeX Font Info:    Font shape `T1/zi4/m/n' will be
(Font)              scaled to size 9.0pt on input line 303.
Package microtype Info: Loading generic protrusion settings for font family
(microtype)             `zi4' (encoding: T1).
(microtype)             For optimal results, create family-specific settings.
(microtype)             See the microtype manual for details.
LaTeX Font Info:    Font shape `T1/LinuxLibertineT-TLF/m/n' will be
(Font)              scaled to size 7.3pt on input line 303.
LaTeX Font Info:    Font shape `T1/LinuxLibertineT-TLF/m/n' will be
(Font)              scaled to size 5.5pt on input line 303.
LaTeX Font Info:    Font shape `T1/LinuxLibertineT-TLF/m/it' will be
(Font)              scaled to size 9.0pt on input line 303.


Class acmart Warning: \vspace should only be used to provide space above/below 
surrounding objects on input line 303.

LaTeX Font Info:    Font shape `TS1/LinuxLibertineT-TLF/m/n' will be
(Font)              scaled to size 9.0pt on input line 303.
LaTeX Font Info:    Font shape `T1/LinuxLibertineT-TLF/b/n' will be
(Font)              scaled to size 9.0pt on input line 303.

Class acmart Warning: \vspace should only be used to provide space above/below 
surrounding objects on input line 303.

LaTeX Font Info:    Font shape `T1/LinuxBiolinumT-TLF/m/n' will be
(Font)              scaled to size 10.0pt on input line 309.
LaTeX Font Info:    Font shape `T1/LinuxBiolinumT-TLF/b/n' will be
(Font)              scaled to size 10.0pt on input line 309.
LaTeX Font Info:    Font shape `T1/LinuxLibertineT-TLF/m/it' will be
(Font)              scaled to size 10.0pt on input line 312.
LaTeX Font Info:    Font shape `T1/LinuxLibertineT-TLF/b/n' will be
(Font)              scaled to size 10.0pt on input line 314.

Package natbib Warning: Citation `regexwiki' on page 1 undefined on input line 
314.


Package natbib Warning: Citation `rethinkingregexes' on page 1 undefined on inp
ut line 316.

[1.1{C:/Users/42073/AppData/Local/MiKTeX/pdftex/config/pdftex.map}]

Package natbib Warning: Citation `cloudfareoutage' on page 2 undefined on input
 line 323.


Package natbib Warning: Citation `stackoutage' on page 2 undefined on input lin
e 328.


Package natbib Warning: Citation `expressjsoutage' on page 2 undefined on input
 line 329.


Package natbib Warning: Citation `rethinkingregexes' on page 2 undefined on inp
ut line 331.


Package natbib Warning: Citation `redosimpact' on page 2 undefined on input lin
e 331.


Package natbib Warning: Citation `spencermatching' on page 2 undefined on input
 line 336.


Package natbib Warning: Citation `sipser' on page 2 undefined on input line 346
.


Package natbib Warning: Citation `thompsonmatching' on page 2 undefined on inpu
t line 351.

LaTeX Font Info:    Font shape `T1/zi4/m/n' will be
(Font)              scaled to size 10.0pt on input line 367.

Package natbib Warning: Citation `re2' on page 2 undefined on input line 367.


Package natbib Warning: Citation `grep' on page 2 undefined on input line 367.


Package natbib Warning: Citation `VSXW19' on page 2 undefined on input line 369
.

LaTeX Font Info:    Font shape `T1/LinuxLibertineT-TLF/m/n' will be
(Font)              scaled to size 6.2pt on input line 377.
LaTeX Font Info:    Font shape `T1/LinuxLibertineT-TLF/m/it' will be
(Font)              scaled to size 8.0pt on input line 377.
LaTeX Font Info:    Font shape `T1/LinuxLibertineT-TLF/b/n' will be
(Font)              scaled to size 8.0pt on input line 377.

Package natbib Warning: Citation `BW98' on page 2 undefined on input line 377.


Package natbib Warning: Citation `Hovland09' on page 2 undefined on input line 
377.


Package natbib Warning: Citation `cikm15' on page 2 undefined on input line 388
.


Package natbib Warning: Citation `regexlib' on page 2 undefined on input line 3
89.


Package natbib Warning: Citation `snort' on page 2 undefined on input line 390.



Package natbib Warning: Citation `cikm15' on page 2 undefined on input line 392
.


Package natbib Warning: Citation `aplas19' on page 2 undefined on input line 39
5.

LaTeX Font Info:    Font shape `T1/zi4/m/n' will be
(Font)              scaled to size 17.28pt on input line 399.

Package natbib Warning: Citation `re2' on page 2 undefined on input line 418.


Package natbib Warning: Citation `grep' on page 2 undefined on input line 418.

LaTeX Font Info:    Font shape `T1/LinuxBiolinumT-TLF/m/n' will be
(Font)              scaled to size 8.0pt on input line 426.
[2.2]

Package natbib Warning: Citation `aplas19' on page 3 undefined on input line 45
2.


Package natbib Warning: Citation `Hovland09' on page 3 undefined on input line 
452.


Package natbib Warning: Citation `KilTuh07' on page 3 undefined on input line 4
52.


Package natbib Warning: Citation `jha_extended' on page 3 undefined on input li
ne 452.


Package natbib Warning: Citation `Sperberg-McQueen-ExtendedFAWeb' on page 3 und
efined on input line 452.


Package natbib Warning: Citation `GGM12' on page 3 undefined on input line 452.



Package natbib Warning: Citation `cikm15' on page 3 undefined on input line 452
.


Package natbib Warning: Citation `Antimirov96_partderivatives' on page 3 undefi
ned on input line 457.


Package natbib Warning: Citation `Sperberg-McQueen-ExtendedFAWeb' on page 3 und
efined on input line 475.


Package natbib Warning: Citation `GGM12' on page 3 undefined on input line 475.



Package natbib Warning: Citation `cikm15' on page 3 undefined on input line 475
.


Package natbib Warning: Citation `Hovland09' on page 3 undefined on input line 
475.


Package natbib Warning: Citation `KilTuh07' on page 3 undefined on input line 4
75.


Package natbib Warning: Citation `SEJ08' on page 3 undefined on input line 475.



Package natbib Warning: Citation `aplas19' on page 3 undefined on input line 47
5.


Package natbib Warning: Citation `KT03' on page 3 undefined on input line 475.


Package natbib Warning: Citation `grep' on page 3 undefined on input line 494.


Package natbib Warning: Citation `re2' on page 3 undefined on input line 494.


Package natbib Warning: Citation `VSXW19' on page 3 undefined on input line 494
.


Package natbib Warning: Citation `dotnet' on page 3 undefined on input line 494
.


Package natbib Warning: Citation `DavisMCSL19' on page 3 undefined on input lin
e 499.

[3.3] (figures/ak_new.tikz)
Overfull \hbox (2.16379pt too wide) in paragraph at lines 523--525
[][]
 []

LaTeX Font Info:    Font shape `T1/LinuxBiolinumT-TLF/m/n' will be
(Font)              scaled to size 7.3pt on input line 525.
LaTeX Font Info:    Font shape `T1/LinuxBiolinumT-TLF/m/n' will be
(Font)              scaled to size 5.5pt on input line 525.
(figures/akdet_new.tikz)
Overfull \hbox (14.20209pt too wide) in paragraph at lines 533--534
[][] 
 []

LaTeX Font Info:    Font shape `T1/LinuxBiolinumT-TLF/m/it' will be
(Font)              scaled to size 9.0pt on input line 560.
LaTeX Font Info:    Font shape `T1/LinuxBiolinumT-TLF/m/sc' will be
(Font)              scaled to size 9.0pt on input line 560.

Class acmart Warning: A possible image without description on input line 562.


Class acmart Warning: \vspace should only be used to provide space above/below 
surrounding objects on input line 565.


Class acmart Warning: \vspace should only be used to provide space above/below 
surrounding objects on input line 567.

LaTeX Font Info:    Font shape `T1/LinuxLibertineT-TLF/b/it' will be
(Font)              scaled to size 10.0pt on input line 590.
[4.4]

Class acmart Warning: \vspace should only be used to provide space above/below 
surrounding objects on input line 675.


Class acmart Warning: \vspace should only be used to provide space above/below 
surrounding objects on input line 675.


Class acmart Warning: \vspace should only be used to provide space above/below 
surrounding objects on input line 676.


Overfull \hbox (89.51122pt too wide) detected at line 697
[]
 []


Underfull \hbox (badness 10000) in paragraph at lines 671--700
[][][][][]$\T1/LinuxLibertineT-TLF/m/n/10 (+20) .
 []


Class acmart Warning: \vspace should only be used to provide space above/below 
surrounding objects on input line 706.


Overfull \hbox (4.01346pt too wide) detected at line 734
\LMS/ntxsy/m/n/10 f\OML/nxlmi/m/it/10 q; c[]\OT1/cmr/m/n/10 0\LMS/ntxsy/m/n/10
 g\OML/nxlmi/m/it/10 ;  \LMS/ntxsy/m/n/10 f\OML/nxlmi/m/it/10 q; c[]\OT1/cmr/
m/n/10 0\LMS/ntxsy/m/n/10 \OML/nxlmi/m/it/10 ; \LMS/ntxsy/m/n/10 \OML/nxlmi/m
/it/10 s; c[]\OT1/cmr/m/n/10 0\LMS/ntxsy/m/n/10 g\OML/nxlmi/m/it/10 ;  \LMS/nt
xsy/m/n/10 f\OML/nxlmi/m/it/10 q; c[]\OT1/cmr/m/n/10 0\LMS/ntxsy/m/n/10 \OML/
nxlmi/m/it/10 ; \LMS/ntxsy/m/n/10 \OML/nxlmi/m/it/10 s; c[]\OT1/cmr/m/n/10 0\L
MS/ntxsy/m/n/10 \OML/nxlmi/m/it/10 ; \LMS/ntxsy/m/n/10 \OML/nxlmi/m/it/10 s; 
c[]\OT1/cmr/m/n/10 1\LMS/ntxsy/m/n/10 g\OML/nxlmi/m/it/10 ;  \LMS/ntxsy/m/n/10
 f\OML/nxlmi/m/it/10 q; c[]\OT1/cmr/m/n/10 0\LMS/ntxsy/m/n/10 \OML/nxlmi/m/it
/10 ; \LMS/ntxsy/m/n/10 \OML/nxlmi/m/it/10 s; c[]\OT1/cmr/m/n/10 0\LMS/ntxsy/m
/n/10 \OML/nxlmi/m/it/10 ; \LMS/ntxsy/m/n/10 \OML/nxlmi/m/it/10 s; c[]\OT1/cm
r/m/n/10 1\LMS/ntxsy/m/n/10 \OML/nxlmi/m/it/10 ; \LMS/ntxsy/m/n/10 \OML/nxlmi
/m/it/10 s; c[]\OT1/cmr/m/n/10 2\LMS/ntxsy/m/n/10 g\OML/nxlmi/m/it/10 ; []
 []

[5.5]

Package natbib Warning: Citation `Antimirov96_partderivatives' on page 6 undefi
ned on input line 787.


Package natbib Warning: Citation `VSXW19' on page 6 undefined on input line 793
.


Package natbib Warning: Citation `Antimirov96_partderivatives' on page 6 undefi
ned on input line 794.


Package natbib Warning: Citation `DV20' on page 6 undefined on input line 839.

[6.6]
LaTeX Font Info:    Font shape `T1/LinuxLibertineT-TLF/m/n' will be
(Font)              scaled to size 6.0pt on input line 938.
 [7.7]
LaTeX Font Info:    Font shape `T1/LinuxLibertineT-TLF/m/sc' will be
(Font)              scaled to size 10.0pt on input line 1061.


Class acmart Warning: \vspace should only be used to provide space above/below 
surrounding objects on input line 1104.


Class acmart Warning: \vspace should only be used to provide space above/below 
surrounding objects on input line 1104.


Class acmart Warning: \vspace should only be used to provide space above/below 
surrounding objects on input line 1105.


LaTeX Font Warning: Font shape `OT1/cmr/m/it' in size <5.5> not available
(Font)              size <5> substituted on input line 1110.


LaTeX Font Warning: Font shape `OT1/cmr/sb/n' undefined
(Font)              using `OT1/cmr/m/n' instead on input line 1110.


LaTeX Font Warning: Font shape `OT1/cmr/sb/n' in size <5.5> not available
(Font)              size <5> substituted on input line 1110.


Overfull \hbox (11.75252pt too wide) detected at line 1115
[]
 []

[8.8]

Package natbib Warning: Citation `Antimirov96_partderivatives' on page 9 undefi
ned on input line 1208.


Package natbib Warning: Citation `Antimirov96_partderivatives' on page 9 undefi
ned on input line 1210.


Package natbib Warning: Citation `VSXW19' on page 9 undefined on input line 121
0.

LaTeX Font Info:    Trying to load font information for T1+cmtt on input line 1
244.
(C:\Users\42073\AppData\Local\Programs\MiKTeX\tex/latex/base\t1cmtt.fd
File: t1cmtt.fd 2019/12/16 v2.5j Standard LaTeX font definitions
)
Package microtype Info: Loading generic protrusion settings for font family
(microtype)             `cmtt' (encoding: T1).
(microtype)             For optimal results, create family-specific settings.
(microtype)             See the microtype manual for details.


LaTeX Font Warning: Font shape `T1/cmtt/m/n' in size <5.5> not available
(Font)              size <5> substituted on input line 1244.


Class acmart Warning: \vspace should only be used to provide space above/below 
surrounding objects on input line 1263.


Class acmart Warning: \vspace should only be used to provide space above/below 
surrounding objects on input line 1263.


Class acmart Warning: \vspace should only be used to provide space above/below 
surrounding objects on input line 1265.

[9.9]

Package natbib Warning: Citation `OOPSLA20TR' on page 10 undefined on input lin
e 1314.

LaTeX Font Info:    Font shape `T1/LinuxLibertineT-TLF/b/sc' will be
(Font)              scaled to size 10.0pt on input line 1379.

Class acmart Warning: \vspace should only be used to provide space above/below 
surrounding objects on input line 1392.


Class acmart Warning: \vspace should only be used to provide space above/below 
surrounding objects on input line 1392.


Class acmart Warning: \vspace should only be used to provide space above/below 
surrounding objects on input line 1392.


Overfull \hbox (2.13109pt too wide) in alignment at lines 1392--1392
 [][][] []
 []


Underfull \hbox (badness 1331) in paragraph at lines 1392--1412
\T1/LinuxLibertineT-TLF/m/n/10 (+20) tion of in-di-vid-ual op-er-a-tions that c
an
 []


Underfull \hbox (badness 1314) in paragraph at lines 1392--1412
\T1/LinuxLibertineT-TLF/m/n/10 (+20) en-abled for $[][] \U/ntxmia/m/it/10 = \OT
1/cmr/sb/n/10 0$\T1/LinuxLibertineT-TLF/m/n/10 (+20) . If $[][] \OML/nxlmi/m/it
/10 >
 []

[10.10]

Class acmart Warning: \vspace should only be used to provide space above/below 
surrounding objects on input line 1456.


Class acmart Warning: \vspace should only be used to provide space above/below 
surrounding objects on input line 1456.


Class acmart Warning: \vspace should only be used to provide space above/below 
surrounding objects on input line 1457.

<figures/dot9star_TB.pdf, id=247, 132.495pt x 130.4875pt>
File: figures/dot9star_TB.pdf Graphic file (type pdf)
<use figures/dot9star_TB.pdf>
Package pdftex.def Info: figures/dot9star_TB.pdf  used on input line 1462.
(pdftex.def)             Requested size: 102.43008pt x 100.87985pt.

Class acmart Warning: \vspace should only be used to provide space above/below 
surrounding objects on input line 1463.


Overfull \hbox (15.89357pt too wide) in paragraph at lines 1461--1464
[]|  []
 []


Underfull \hbox (badness 1033) in paragraph at lines 1474--1497
[] []\T1/LinuxLibertineT-TLF/m/it/10 (+20) Example 5.3.[] \T1/LinuxLibertineT-T
LF/m/n/10 (+20) Consider the regex \T1/zi4/m/n/10 ([]{9})*\T1/LinuxLibertineT-T
LF/m/n/10 (+20) , whose CA is in
 []


Underfull \hbox (badness 1253) in paragraph at lines 1474--1497
\T1/LinuxLibertineT-TLF/m/n/10 (+20) op-er-a-tions in the CA of Fig. [][]2[][] 
by show-ing how they arise
 []


Class acmart Warning: \vspace should only be used to provide space above/below 
surrounding objects on input line 1516.

[11.11 <./figures/dot9star_TB.pdf>]

Package natbib Warning: Citation `OOPSLA20TR' on page 12 undefined on input lin
e 1554.

LaTeX Font Info:    Font shape `T1/LinuxLibertineT-TLF/m/scit' will be
(Font)              scaled to size 10.0pt on input line 1565.

Package natbib Warning: Citation `OOPSLA20TR' on page 12 undefined on input lin
e 1589.


Package natbib Warning: Citation `OOPSLA20TR' on page 12 undefined on input lin
e 1613.

[12.12] [13.13] [14.14]

Package natbib Warning: Citation `SFAdeterm' on page 15 undefined on input line
 1940.

LaTeX Font Info:    Font shape `T1/LinuxLibertineT-TLF/m/sc' will be
(Font)              scaled to size 8.0pt on input line 2005.
[15.15]

Package natbib Warning: Citation `SFAdeterm' on page 16 undefined on input line
 2062.

[16.16]

Class acmart Warning: \vspace should only be used to provide space above/below 
surrounding objects on input line 2146.


Class acmart Warning: \vspace should only be used to provide space above/below 
surrounding objects on input line 2146.


Class acmart Warning: \vspace should only be used to provide space above/below 
surrounding objects on input line 2148.


Class acmart Warning: \vspace should only be used to provide space above/below 
surrounding objects on input line 2152.


Overfull \hbox (5.69055pt too wide) in paragraph at lines 2147--2171
[]$[]$ 
 []


Underfull \hbox (badness 1394) in paragraph at lines 2173--2198
\T1/LinuxLibertineT-TLF/m/n/10 (+20) set op-er-a-tor $\OML/nxlmi/m/it/10 f[]$ \
T1/LinuxLibertineT-TLF/m/n/10 (+20) is built in the form $\OML/nxlmi/m/it/10 f[
]\LMS/ntxsy/m/n/10 \OML/nxlmi/m/it/10 c\LMS/ntxsy/m/n/10  []
 []


Overfull \hbox (7.2958pt too wide) in paragraph at lines 2199--2205
[]\T1/LinuxLibertineT-TLF/m/n/10 (-20) Observe that $\OML/nxlmi/m/it/10 A[]$ \T
1/LinuxLibertineT-TLF/m/n/10 (-20) is de-ter-min-is-tic since, for any two dis-
tinct tran-si-tions $\OML/nxlmi/m/it/10 S[]S[]$ \T1/LinuxLibertineT-TLF/m/n/10 
(-20) and $\OML/nxlmi/m/it/10 S[]S[]$\T1/LinuxLibertineT-TLF/m/n/10 (-20) ,
 []

<figures/detsample_TB.pdf, id=349, 111.41624pt x 184.69pt>
File: figures/detsample_TB.pdf Graphic file (type pdf)
<use figures/detsample_TB.pdf>
Package pdftex.def Info: figures/detsample_TB.pdf  used on input line 2212.
(pdftex.def)             Requested size: 78.95647pt x 130.88284pt.
<figures/detsampleCSA_TB.pdf, id=350, 370.38374pt x 213.79875pt>
File: figures/detsampleCSA_TB.pdf Graphic file (type pdf)
<use figures/detsampleCSA_TB.pdf>
Package pdftex.def Info: figures/detsampleCSA_TB.pdf  used on input line 2220.
(pdftex.def)             Requested size: 276.02946pt x 159.3356pt.

Overfull \hbox (22.70332pt too wide) in paragraph at lines 2220--2222
 [] 
 []


Class acmart Warning: A possible image without description on input line 2233.

[17.17] [18.18 <./figures/detsample_TB.pdf> <./figures/detsampleCSA_TB.pdf>]

Class acmart Warning: \vspace should only be used to provide space above/below 
surrounding objects on input line 2367.


Class acmart Warning: \vspace should only be used to provide space above/below 
surrounding objects on input line 2367.


Class acmart Warning: \vspace should only be used to provide space above/below 
surrounding objects on input line 2368.

<figures/aoraafive.pdf, id=401, 597.67296pt x 844.83629pt>
File: figures/aoraafive.pdf Graphic file (type pdf)
<use figures/aoraafive.pdf>
Package pdftex.def Info: figures/aoraafive.pdf  used on input line 2369.
(pdftex.def)             Requested size: 105.2751pt x 74.78496pt.

Class acmart Warning: \vspace should only be used to provide space above/below 
surrounding objects on input line 2370.

[19.19 <./figures/aoraafive.pdf>]

Package natbib Warning: Citation `aplas19' on page 20 undefined on input line 2
508.


Package natbib Warning: Citation `chipmunk' on page 20 undefined on input line 
2607.


Package natbib Warning: Citation `OOPSLA20TR' on page 20 undefined on input lin
e 2612.


Package natbib Warning: Citation `re2' on page 20 undefined on input line 2619.


LaTeX Font Info:    Font shape `T1/zi4/m/n' will be
(Font)              scaled to size 8.0pt on input line 2623.

Package natbib Warning: Citation `grep' on page 20 undefined on input line 2625
.


Package natbib Warning: Citation `dotnet' on page 20 undefined on input line 26
27.


Package natbib Warning: Citation `VSXW19' on page 20 undefined on input line 26
28.


Package natbib Warning: Citation `regexes-in-the-wild' on page 20 undefined on 
input line 2640.


Package natbib Warning: Citation `BoyerM77' on page 20 undefined on input line 
2654.

[20.20]

Package natbib Warning: Citation `mono' on page 21 undefined on input line 2667
.

<figures/re2g-vs-cad.pdf, id=427, 216.81pt x 216.81pt>
File: figures/re2g-vs-cad.pdf Graphic file (type pdf)
<use figures/re2g-vs-cad.pdf>
Package pdftex.def Info: figures/re2g-vs-cad.pdf  used on input line 2682.
(pdftex.def)             Requested size: 190.63338pt x 190.6412pt.
<figures/big_plot-1000.pdf, id=428, 216.81pt x 216.81pt>
File: figures/big_plot-1000.pdf Graphic file (type pdf)
<use figures/big_plot-1000.pdf>
Package pdftex.def Info: figures/big_plot-1000.pdf  used on input line 2682.
(pdftex.def)             Requested size: 190.63338pt x 190.6412pt.

Underfull \hbox (badness 2173) in paragraph at lines 2682--2682
[]\T1/LinuxBiolinumT-TLF/m/n/9 (+20) (b) |Run-ning times of the tools on the re
gex
 []

\triplepiclen=\skip88
<figures/grep-vs-cad.pdf, id=429, 144.54pt x 144.54pt>
File: figures/grep-vs-cad.pdf Graphic file (type pdf)
<use figures/grep-vs-cad.pdf>
Package pdftex.def Info: figures/grep-vs-cad.pdf  used on input line 2682.
(pdftex.def)             Requested size: 128.0374pt x 128.0447pt.
<figures/dotnet-vs-cad.pdf, id=430, 144.54pt x 144.54pt>
File: figures/dotnet-vs-cad.pdf Graphic file (type pdf)
<use figures/dotnet-vs-cad.pdf>
Package pdftex.def Info: figures/dotnet-vs-cad.pdf  used on input line 2682.
(pdftex.def)             Requested size: 128.0374pt x 128.0447pt.
<figures/srm-vs-cad.pdf, id=431, 144.54pt x 144.54pt>
File: figures/srm-vs-cad.pdf Graphic file (type pdf)
<use figures/srm-vs-cad.pdf>
Package pdftex.def Info: figures/srm-vs-cad.pdf  used on input line 2682.
(pdftex.def)             Requested size: 128.0374pt x 128.0447pt.

Class acmart Warning: A possible image without description on input line 2682.


Class acmart Warning: \vspace should only be used to provide space above/below 
surrounding objects on input line 2685.


Class acmart Warning: \vspace should only be used to provide space above/below 
surrounding objects on input line 2687.


Package natbib Warning: Citation `DavisMCSL19' on page 21 undefined on input li
ne 2695.


Package natbib Warning: Citation `snort' on page 21 undefined on input line 269
7.


Package natbib Warning: Citation `bro' on page 21 undefined on input line 2698.



Package natbib Warning: Citation `sagan' on page 21 undefined on input line 269
9.


Package natbib Warning: Citation `yang2010' on page 21 undefined on input line 
2700.


Package natbib Warning: Citation `tacas18-appred' on page 21 undefined on input
 line 2700.


Package natbib Warning: Citation `regexlib' on page 21 undefined on input line 
2701.


Package natbib Warning: Citation `aplas19' on page 21 undefined on input line 2
702.


Package natbib Warning: Citation `oopsla20-dataset' on page 21 undefined on inp
ut line 2734.

[21.21] (stats.tex)

Package natbib Warning: Citation `tacas18-appred' on page 22 undefined on input
 line 2787.

[22.22 <./figures/re2g-vs-cad.pdf> <./figures/big_plot-1000.pdf> <./figures/gre
p-vs-cad.pdf> <./figures/dotnet-vs-cad.pdf> <./figures/srm-vs-cad.pdf>]

Class acmart Warning: \vspace should only be used to provide space above/below 
surrounding objects on input line 2868.

LaTeX Font Info:    Font shape `T1/LinuxBiolinumT-TLF/m/it' will be
(Font)              scaled to size 10.0pt on input line 2870.
[23.23]

Class acmart Warning: \vspace should only be used to provide space above/below 
surrounding objects on input line 2892.


Class acmart Warning: \vspace should only be used to provide space above/below 
surrounding objects on input line 2911.


Class acmart Warning: \vspace should only be used to provide space above/below 
surrounding objects on input line 2913.


Package natbib Warning: Citation `DavisMCSL19' on page 24 undefined on input li
ne 2920.


Package natbib Warning: Citation `DavisMCSL19' on page 24 undefined on input li
ne 2920.

(table.tex)

Package natbib Warning: Citation `DavisMCSL19' on page 24 undefined on input li
ne 2924.

[24.24]

Package natbib Warning: Citation `regexes-in-the-wild' on page 25 undefined on 
input line 2987.


Package natbib Warning: Citation `why-gnu-grep-is-fast' on page 25 undefined on
 input line 2987.


Package natbib Warning: Citation `Brzozowski64_derivatives' on page 25 undefine
d on input line 3014.


Package natbib Warning: Citation `Owens09' on page 25 undefined on input line 3
016.


Package natbib Warning: Citation `Fis10' on page 25 undefined on input line 301
6.


Package natbib Warning: Citation `VSXW19' on page 25 undefined on input line 30
16.


Package natbib Warning: Citation `BeSe86' on page 25 undefined on input line 30
19.


Package natbib Warning: Citation `Antimirov96_partderivatives' on page 25 undef
ined on input line 3022.


Package natbib Warning: Citation `Champarnaud11_extended' on page 25 undefined 
on input line 3033.


Package natbib Warning: Citation `Allauzen06_unified' on page 25 undefined on i
nput line 3037.


Package natbib Warning: Citation `aplas19' on page 25 undefined on input line 3
043.


Package natbib Warning: Citation `aplas19' on page 25 undefined on input line 3
045.


Package natbib Warning: Citation `aplas19' on page 25 undefined on input line 3
055.

[25.25]

Package natbib Warning: Citation `cikm15' on page 26 undefined on input line 30
59.


Package natbib Warning: Citation `GGM12' on page 26 undefined on input line 306
1.


Package natbib Warning: Citation `GGM12' on page 26 undefined on input line 306
9.


Package natbib Warning: Citation `cikm15' on page 26 undefined on input line 30
71.


Package natbib Warning: Citation `cikm15' on page 26 undefined on input line 30
83.


Package natbib Warning: Citation `KT03' on page 26 undefined on input line 3086
.


Package natbib Warning: Citation `cikm15' on page 26 undefined on input line 30
90.


Package natbib Warning: Citation `KT03' on page 26 undefined on input line 3091
.


Package natbib Warning: Citation `SEJ08' on page 26 undefined on input line 309
5.


Package natbib Warning: Citation `jha_extended' on page 26 undefined on input l
ine 3095.


Package natbib Warning: Citation `abdulla_rautomata' on page 26 undefined on in
put line 3105.


Package natbib Warning: Citation `cheng_efsm' on page 26 undefined on input lin
e 3110.


Package natbib Warning: Citation `shiple_efsm' on page 26 undefined on input li
ne 3110.


Package natbib Warning: Citation `jha_extended' on page 26 undefined on input l
ine 3110.


Package natbib Warning: Citation `finkel_fast' on page 26 undefined on input li
ne 3110.


Package natbib Warning: Citation `Hovland09' on page 26 undefined on input line
 3126.


Package natbib Warning: Citation `KilTuh07' on page 26 undefined on input line 
3126.


Package natbib Warning: Citation `GMN07' on page 26 undefined on input line 312
6.


Package natbib Warning: Citation `Hovland09' on page 26 undefined on input line
 3128.


Package natbib Warning: Citation `Hovland09' on page 26 undefined on input line
 3132.


Package natbib Warning: Citation `Glu61' on page 26 undefined on input line 313
3.


Package natbib Warning: Citation `BP96' on page 26 undefined on input line 3134
.


Package natbib Warning: Citation `BW98' on page 26 undefined on input line 3134
.


Package natbib Warning: Citation `Allauzen06_unified' on page 26 undefined on i
nput line 3146.


Package natbib Warning: Citation `CZ01' on page 26 undefined on input line 3154
.


Package natbib Warning: Citation `IlieYu03' on page 26 undefined on input line 
3154.


Package natbib Warning: Citation `LOMBARDY2005141' on page 26 undefined on inpu
t line 3157.

[26.26]

Package natbib Warning: Citation `Brzozowski64_derivatives' on page 27 undefine
d on input line 3162.


Package natbib Warning: Citation `GGM12' on page 27 undefined on input line 316
8.


Package natbib Warning: Citation `Chen15_counting' on page 27 undefined on inpu
t line 3168.


Package natbib Warning: Citation `Hovland09' on page 27 undefined on input line
 3170.


Package natbib Warning: Citation `Hovland-Membership2012' on page 27 undefined 
on input line 3174.


Class acmart Warning: \vspace should only be used to provide space above/below 
surrounding objects on input line 3182.


Package natbib Warning: Citation `DavisMCSL19' on page 27 undefined on input li
ne 3190.


Package natbib Warning: Citation `grep' on page 27 undefined on input line 3193
.


Package natbib Warning: Citation `re2' on page 27 undefined on input line 3193.



Package natbib Warning: Citation `regexes-in-the-wild' on page 27 undefined on 
input line 3212.


Package natbib Warning: Citation `VSXW19' on page 27 undefined on input line 32
21.


Class acmart Warning: \vspace should only be used to provide space above/below 
surrounding objects on input line 3237.

Processing 'acks' comment.
\openout3 = `comment.cut'.

 Comment 'acks' writing to comment.cut.
Straight input of comment.cut. (comment.cut) [27.27]
No file paper.bbl.

Package natbib Warning: There were undefined citations.


(C:\Users\42073\AppData\Local\Programs\MiKTeX\tex/generic/stringenc\se-pdfdoc.d
ef
File: se-pdfdoc.def 2019/11/29 v1.12 stringenc: PDFDocEncoding
)
(C:\Users\42073\AppData\Local\Programs\MiKTeX\tex/generic/stringenc\se-utf8.def
File: se-utf8.def 2019/11/29 v1.12 stringenc: UTF-8
)

Class acmart Warning: Some images may lack descriptions.

(paper.aux)
Package rerunfilecheck Info: File `paper.out' has not changed.
(rerunfilecheck)             Checksum: E39A66BC11990F9E46E6C442B2E55D23;5483.


LaTeX Font Warning: Size substitutions with differences
(Font)              up to 1.97499pt have occurred.


LaTeX Font Warning: Some font shapes were not available, defaults substituted.


LaTeX Warning: There were multiply-defined labels.

 ) 
Here is how much of TeX's memory you used:
 46065 strings out of 479832
 1013270 string characters out of 2871057
 1442877 words of memory out of 3000000
 61232 multiletter control sequences out of 15000+200000
 910743 words of font info for 597 fonts, out of 3000000 for 9000
 1302 hyphenation exceptions out of 8191
 92i,21n,128p,1752b,1341s stack positions out of 5000i,500n,10000p,200000b,50000s
{C:/Users/42073/AppData/Local/Programs/MiKTeX/fonts/enc/dvips/libertine/lbtn_
iqbcqn.enc}{C:/Users/42073/AppData/Local/Programs/MiKTeX/fonts/enc/dvips/libert
ine/lbtn_tlukpt.enc} <C:\Users\42073\AppData\Local\MiKTeX\fonts/pk/ljfour/jknap
pen/ec/dpi600\ectt1000.pk>{C:/Users/42073/AppData/Local/Programs/MiKTeX/fonts/e
nc/dvips/libertine/lbtn_ncsllp.enc}{C:/Users/42073/AppData/Local/Programs/MiKTe
X/fonts/enc/dvips/libertine/lbtn_ki75ao.enc}{C:/Users/42073/AppData/Local/Progr
ams/MiKTeX/fonts/enc/dvips/libertine/lbtn_omcwp2.enc}{C:/Users/42073/AppData/Lo
cal/Programs/MiKTeX/fonts/enc/dvips/libertine/lbtn_25tcsq.enc}{C:/Users/42073/A
ppData/Local/Programs/MiKTeX/fonts/enc/dvips/libertine/lbtn_nh77jq.enc}{C:/User
s/42073/AppData/Local/Programs/MiKTeX/fonts/enc/dvips/libertine/lbtn_naooyc.enc
}{C:/Users/42073/AppData/Local/Programs/MiKTeX/fonts/enc/dvips/libertine/lbtn_7
grukw.enc}{C:/Users/42073/AppData/Local/Programs/MiKTeX/fonts/enc/dvips/inconso
lata/i4-t1-4.enc}{C:/Users/42073/AppData/Local/Programs/MiKTeX/fonts/enc/dvips/
libertine/lbtn_76gpa5.enc}<C:/Users/42073/AppData/Local/Programs/MiKTeX/fonts/t
ype1/public/inconsolata/Inconsolata-zi4r.pfb><C:/Users/42073/AppData/Local/Prog
rams/MiKTeX/fonts/type1/public/newtx/LibertineMathBMI.pfb><C:/Users/42073/AppDa
ta/Local/Programs/MiKTeX/fonts/type1/public/newtx/LibertineMathMI.pfb><C:/Users
/42073/AppData/Local/Programs/MiKTeX/fonts/type1/public/newtx/LibertineMathMI5.
pfb><C:/Users/42073/AppData/Local/Programs/MiKTeX/fonts/type1/public/newtx/Libe
rtineMathMI7.pfb><C:/Users/42073/AppData/Local/Programs/MiKTeX/fonts/type1/publ
ic/newtx/LibertineMathRM.pfb><C:/Users/42073/AppData/Local/Programs/MiKTeX/font
s/type1/public/libertine/LinBiolinumT.pfb><C:/Users/42073/AppData/Local/Program
s/MiKTeX/fonts/type1/public/libertine/LinBiolinumTB.pfb><C:/Users/42073/AppData
/Local/Programs/MiKTeX/fonts/type1/public/libertine/LinBiolinumTI.pfb><C:/Users
/42073/AppData/Local/Programs/MiKTeX/fonts/type1/public/libertine/LinLibertineT
.pfb><C:/Users/42073/AppData/Local/Programs/MiKTeX/fonts/type1/public/libertine
/LinLibertineTB.pfb><C:/Users/42073/AppData/Local/Programs/MiKTeX/fonts/type1/p
ublic/libertine/LinLibertineTBI.pfb><C:/Users/42073/AppData/Local/Programs/MiKT
eX/fonts/type1/public/libertine/LinLibertineTI.pfb><C:/Users/42073/AppData/Loca
l/Programs/MiKTeX/fonts/type1/public/newtx/NewTXMI.pfb><C:/Users/42073/AppData/
Local/Programs/MiKTeX/fonts/type1/public/newtx/NewTXMI7.pfb><C:/Users/42073/App
Data/Local/Programs/MiKTeX/fonts/type1/public/amsfonts/cm/cmr10.pfb><C:/Users/4
2073/AppData/Local/Programs/MiKTeX/fonts/type1/public/amsfonts/cm/cmr5.pfb><C:/
Users/42073/AppData/Local/Programs/MiKTeX/fonts/type1/public/amsfonts/cm/cmr6.p
fb><C:/Users/42073/AppData/Local/Programs/MiKTeX/fonts/type1/public/amsfonts/cm
/cmr7.pfb><C:/Users/42073/AppData/Local/Programs/MiKTeX/fonts/type1/public/amsf
onts/cm/cmr8.pfb><C:/Users/42073/AppData/Local/Programs/MiKTeX/fonts/type1/publ
ic/amsfonts/cm/cmr9.pfb><C:/Users/42073/AppData/Local/Programs/MiKTeX/fonts/typ
e1/public/amsfonts/cm/cmti10.pfb><C:/Users/42073/AppData/Local/Programs/MiKTeX/
fonts/type1/public/amsfonts/cm/cmti7.pfb><C:/Users/42073/AppData/Local/Programs
/MiKTeX/fonts/type1/public/amsfonts/cm/cmti9.pfb><C:/Users/42073/AppData/Local/
Programs/MiKTeX/fonts/type1/public/newtx/txexs.pfb><C:/Users/42073/AppData/Loca
l/Programs/MiKTeX/fonts/type1/public/newtx/txmiaX.pfb><C:/Users/42073/AppData/L
ocal/Programs/MiKTeX/fonts/type1/public/txfonts/txsya.pfb><C:/Users/42073/AppDa
ta/Local/Programs/MiKTeX/fonts/type1/public/txfonts/txsyb.pfb><C:/Users/42073/A
ppData/Local/Programs/MiKTeX/fonts/type1/public/txfonts/txsyc.pfb><C:/Users/420
73/AppData/Local/Programs/MiKTeX/fonts/type1/public/newtx/txsys.pfb>
Output written on paper.pdf (27 pages, 1430030 bytes).
PDF statistics:
 710 PDF objects out of 1000 (max. 8388607)
 126 named destinations out of 1000 (max. 500000)
 98600 words of extra memory for PDF output out of 106986 (max. 10000000)

